-0.148921 -0.0029214 -0.146 0 0.004 1 20 
-0.199041 0.00395949 -0.203 0 0.014 1 20 
-0.243994 -0.00299358 -0.241 0 0.0241 1 20 
-0.283374 -0.0103736 -0.273 0 0.0341 1 20 
-0.317865 0.00813546 -0.326 0 0.0441 1 20 
-0.347687 0.00831294 -0.356 0 0.0542 1 20 
-0.372029 -0.0110293 -0.361 0 0.0642 1 20 
-0.390953 -0.00395264 -0.387 0 0.0742 1 20 
-0.404281 0.00771935 -0.412 0 0.0842 1 20 
-0.412051 -0.00505096 -0.407 0 0.0943 1 20 
-0.414309 0.00269111 -0.417 0 0.104 1 20 
-0.411672 0.00132842 -0.413 0 0.114 1 20 
-0.404529 -0.00752943 -0.397 0 0.124 1 20 
-0.393534 0.0124659 -0.406 0 0.134 1 20 
-0.379396 0.00860449 -0.388 0 0.144 1 20 
-0.362833 -0.00283292 -0.36 0 0.154 1 20 
-0.344535 0.000464589 -0.345 0 0.164 1 20 
-0.323154 -0.0101537 -0.313 0 0.175 1 20 
-0.30317 0.00182982 -0.305 0 0.185 1 20 
-0.283142 0.00785815 -0.291 0 0.195 1 20 
-0.263439 -0.0204386 -0.243 0 0.205 1 20 
-0.244348 -0.00334758 -0.241 0 0.215 1 20 
-0.226081 -0.00508054 -0.221 0 0.225 1 20 
-0.208784 0.0102161 -0.219 0 0.235 1 20 
-0.192549 0.00245089 -0.195 0 0.245 1 20 
-0.177422 -0.00442241 -0.173 0 0.255 1 20 
-0.163415 0.00958533 -0.173 0 0.265 1 20 
-0.150509 -0.0055095 -0.145 0 0.275 1 20 
-0.138671 0.00432928 -0.143 0 0.285 1 20 
-0.127848 0.00215187 -0.13 0 0.295 1 20 
-0.117982 0.00501757 -0.123 0 0.305 1 20 
-0.109009 -0.0193093 -0.0897 0 0.315 1 20 
-0.100862 -0.000862121 -0.1 0 0.325 1 20 
-0.0934743 0.00952573 -0.103 0 0.335 1 20 
-0.0867808 -0.00878085 -0.078 0 0.345 1 20 
-0.0807197 0.0116803 -0.0924 0 0.355 1 20 
-0.075232 -0.00263197 -0.0726 0 0.365 1 20 
-0.070263 0.019037 -0.0893 0 0.375 1 20 
-0.065762 0.012738 -0.0785 0 0.385 1 20 
-0.0616825 -0.00258249 -0.0591 0 0.395 1 20 
-0.0579818 -0.00808182 -0.0499 0 0.405 1 20 
-0.0546214 -0.00242139 -0.0522 0 0.415 1 20 
-0.0515662 0.000333797 -0.0519 0 0.425 1 20 
-0.0487847 0.00211528 -0.0509 0 0.435 1 20 
-0.0462485 0.0138515 -0.0601 0 0.445 1 20 
-0.0439321 0.00616786 -0.0501 0 0.455 1 20 
-0.0418127 0.0034873 -0.0453 0 0.465 1 20 
-0.0398698 -0.0116698 -0.0282 0 0.475 1 20 
-0.0380851 -0.00458507 -0.0335 0 0.485 1 20 
-0.0364423 0.0164577 -0.0529 0 0.495 1 20 
-0.0347817 -0.00438174 -0.0304 0 0.506 1 20 
-0.0333914 0.00270863 -0.0361 0 0.516 1 20 
-0.0321027 0.00559734 -0.0377 0 0.526 1 20 
-0.0309054 -0.00730541 -0.0236 0 0.536 1 20 
-0.0297905 -0.0115905 -0.0182 0 0.546 1 20 
-0.0287498 -0.0105498 -0.0182 0 0.556 1 20 
-0.0277761 0.00712386 -0.0349 0 0.566 1 20 
-0.026863 0.00183699 -0.0287 0 0.576 1 20 
-0.0260047 -0.00460469 -0.0214 0 0.586 1 20 
-0.0251961 -0.0109961 -0.0142 0 0.596 1 20 
-0.0244325 0.00346747 -0.0279 0 0.606 1 20 
-0.02371 0.000589973 -0.0243 0 0.616 1 20 
-0.0230249 0.00977509 -0.0328 0 0.626 1 20 
-0.0223739 0.0107261 -0.0331 0 0.636 1 20 
-0.0217542 -0.00935415 -0.0124 0 0.646 1 20 
-0.021163 -0.014773 -0.00639 0 0.656 1 20 
-0.0205981 -0.00049813 -0.0201 0 0.666 1 20 
-0.0200575 -0.0111975 -0.00886 0 0.676 1 20 
-0.0195391 -0.00473912 -0.0148 0 0.686 1 20 
-0.0190414 0.00535857 -0.0244 0 0.696 1 20 
-0.0185629 -0.00466288 -0.0139 0 0.706 1 20 
-0.0181021 -0.0164321 -0.00167 0 0.716 1 20 
-0.0176579 -0.000657909 -0.017 0 0.726 1 20 
-0.0172292 -0.0166392 -0.00059 0 0.736 1 20 
-0.0168149 0.0252851 -0.0421 0 0.746 1 20 
-0.0164142 -0.00914423 -0.00727 0 0.756 1 20 
-0.0160263 -0.00172631 -0.0143 0 0.766 1 20 
-0.0156504 0.00214959 -0.0178 0 0.776 1 20 
-0.0152859 -0.00178588 -0.0135 0 0.786 1 20 
-0.0149321 0.0190679 -0.034 0 0.796 1 20 
-0.0145885 0.00141149 -0.016 0 0.806 1 20 
-0.0142546 -0.00431462 -0.00994 0 0.816 1 20 
-0.01393 -0.01549 0.00156 0 0.826 1 20 
-0.013583 0.00451703 -0.0181 0 0.837 1 20 
-0.0132763 0.00742365 -0.0207 0 0.847 1 20 
-0.0129777 0.00442226 -0.0174 0 0.857 1 20 
-0.0126868 -0.00971683 -0.00297 0 0.867 1 20 
-0.0124033 -0.00381331 -0.00859 0 0.877 1 20 
-0.0121269 0.00477311 -0.0169 0 0.887 1 20 
-0.0118573 -0.00560732 -0.00625 0 0.897 1 20 
-0.0115943 -0.00139434 -0.0102 0 0.907 1 20 
-0.0113377 -0.0101077 -0.00123 0 0.917 1 20 
-0.0110873 0.0066127 -0.0177 0 0.927 1 20 
-0.0108428 0.00285719 -0.0137 0 0.937 1 20 
-0.0106041 0.00359591 -0.0142 0 0.947 1 20 
-0.010371 0.014329 -0.0247 0 0.957 1 20 
-0.0101433 -0.00326326 -0.00688 0 0.967 1 20 
-0.00992081 -0.00289081 -0.00703 0 0.977 1 20 
-0.00970348 -0.000313482 -0.00939 0 0.987 1 20 
-0.00949112 0.00210888 -0.0116 0 0.997 1 20 
-0.00922226 0.0139777 -0.0232 0 1.01 1 20 
-0.00902081 0.00407919 -0.0131 0 1.02 1 20 
-0.00882391 0.00327609 -0.0121 0 1.03 1 20 
-0.00863143 0.00796857 -0.0166 0 1.04 1 20 
-0.00844326 0.00152674 -0.00997 0 1.05 1 20 
-0.00825929 -0.00410929 -0.00415 0 1.06 1 20 
-0.00807942 -0.0188794 0.0108 0 1.07 1 20 
-0.00790354 -0.00178354 -0.00612 0 1.08 1 20 
-0.00773155 -0.00260155 -0.00513 0 1.09 1 20 
-0.00756338 0.000736625 -0.0083 0 1.1 1 20 
-0.00739891 0.0192011 -0.0266 0 1.11 1 20 
-0.00723807 0.000281935 -0.00752 0 1.12 1 20 
-0.00708076 -0.000570761 -0.00651 0 1.13 1 20 
-0.00692691 -0.0246269 0.0177 0 1.14 1 20 
-0.00677644 0.00197356 -0.00875 0 1.15 1 20 
-0.00662927 -0.00295927 -0.00367 0 1.16 1 20 
-0.00648532 0.00041468 -0.0069 0 1.17 1 20 
-0.00634452 0.0117555 -0.0181 0 1.18 1 20 
-0.00620679 -0.0113368 0.00513 0 1.19 1 20 
-0.00607208 -0.00742208 0.00135 0 1.2 1 20 
-0.0059403 -0.0078003 0.00186 0 1.21 1 20 
-0.0058114 0.0091886 -0.015 0 1.22 1 20 
-0.00568531 -0.0139053 0.00822 0 1.23 1 20 
-0.00556197 0.014138 -0.0197 0 1.24 1 20 
-0.00544131 -0.00572831 0.000287 0 1.25 1 20 
-0.00532328 -0.0217233 0.0164 0 1.26 1 20 
-0.00520782 0.0100922 -0.0153 0 1.27 1 20 
-0.00509487 0.00580513 -0.0109 0 1.28 1 20 
-0.00498437 -0.000834371 -0.00415 0 1.29 1 20 
-0.00487628 0.00522372 -0.0101 0 1.3 1 20 
-0.00477053 0.0157295 -0.0205 0 1.31 1 20 
-0.00466709 -0.000507085 -0.00416 0 1.32 1 20 
-0.00456589 0.0108341 -0.0154 0 1.33 1 20 
-0.00446688 -0.00454398 7.71e-005 0 1.34 1 20 
-0.00437003 0.00942997 -0.0138 0 1.35 1 20 
-0.00427528 -0.0152753 0.011 0 1.36 1 20 
-0.00418259 0.00801741 -0.0122 0 1.37 1 20 
-0.00409191 0.00342809 -0.00752 0 1.38 1 20 
-0.0040032 -0.0079232 0.00392 0 1.39 1 20 
-0.00391641 0.0124836 -0.0164 0 1.4 1 20 
-0.0038315 -0.0020615 -0.00177 0 1.41 1 20 
-0.00374844 -0.0128484 0.0091 0 1.42 1 20 
-0.00366718 0.0163328 -0.02 0 1.43 1 20 
-0.00358768 -0.00161768 -0.00197 0 1.44 1 20 
-0.00350991 -0.00236991 -0.00114 0 1.45 1 20 
-0.00343382 -0.00759382 0.00416 0 1.46 1 20 
-0.00335938 0.0126406 -0.016 0 1.47 1 20 
-0.00328656 0.0134134 -0.0167 0 1.48 1 20 
-0.00321532 -0.00498532 0.00177 0 1.49 1 20 
-0.00314562 -0.00273662 -0.000409 0 1.5 1 20 
-0.00307743 -0.00227043 -0.000807 0 1.51 1 20 
-0.00301072 -0.00322872 0.000218 0 1.52 1 20 
-0.00294546 0.00703454 -0.00998 0 1.53 1 20 
-0.00288161 -0.00208561 -0.000796 0 1.54 1 20 
-0.00281915 -0.00269315 -0.000126 0 1.55 1 20 
-0.00275804 0.00734196 -0.0101 0 1.56 1 20 
-0.00269825 -0.0183983 0.0157 0 1.57 1 20 
-0.00263977 -0.00449977 0.00186 0 1.58 1 20 
-0.00258255 0.0121175 -0.0147 0 1.59 1 20 
-0.00252657 -0.00632657 0.0038 0 1.6 1 20 
-0.0024718 0.0100282 -0.0125 0 1.61 1 20 
-0.00241822 -0.00762822 0.00521 0 1.62 1 20 
-0.0023658 -0.0113458 0.00898 0 1.63 1 20 
-0.00231452 0.00848548 -0.0108 0 1.64 1 20 
-0.00226435 -0.00939435 0.00713 0 1.65 1 20 
-0.00221527 -0.00389527 0.00168 0 1.66 1 20 
-0.00216725 -0.00798725 0.00582 0 1.67 1 20 
-0.00212028 -0.0187203 0.0166 0 1.68 1 20 
-0.00207432 0.00268568 -0.00476 0 1.69 1 20 
-0.00202936 0.00777064 -0.0098 0 1.7 1 20 
-0.00198537 0.00911463 -0.0111 0 1.71 1 20 
-0.00194233 0.00835767 -0.0103 0 1.72 1 20 
-0.00190023 0.000999767 -0.0029 0 1.73 1 20 
-0.00185904 -0.00317904 0.00132 0 1.74 1 20 
-0.00181875 -0.00253975 0.000721 0 1.75 1 20 
-0.00177933 -0.00804933 0.00627 0 1.76 1 20 
-0.00174076 9.92427e-005 -0.00184 0 1.77 1 20 
-0.00170303 -0.014303 0.0126 0 1.78 1 20 
-0.00166611 0.00287389 -0.00454 0 1.79 1 20 
-0.00163 -0.02703 0.0254 0 1.8 1 20 
-0.00159467 -0.00603467 0.00444 0 1.81 1 20 
-0.0015601 0.0087399 -0.0103 0 1.82 1 20 
-0.00152628 0.0109737 -0.0125 0 1.83 1 20 
-0.0014932 -0.0046132 0.00312 0 1.84 1 20 
-0.00146084 0.00244916 -0.00391 0 1.85 1 20 
-0.00142917 -0.00692917 0.0055 0 1.86 1 20 
-0.00139819 -0.00451819 0.00312 0 1.87 1 20 
-0.00136789 0.000932114 -0.0023 0 1.88 1 20 
-0.00133824 0.00866176 -0.01 0 1.89 1 20 
-0.00130923 0.0153908 -0.0167 0 1.9 1 20 
-0.00128085 0.00466915 -0.00595 0 1.91 1 20 
-0.00125309 -0.00836309 0.00711 0 1.92 1 20 
-0.00122593 -0.00194093 0.000715 0 1.93 1 20 
-0.00119935 0.0127006 -0.0139 0 1.94 1 20 
-0.00117336 -0.00153536 0.000362 0 1.95 1 20 
-0.00114792 -0.00365792 0.00251 0 1.96 1 20 
-0.00112304 0.00907696 -0.0102 0 1.97 1 20 
-0.0010987 -0.0013457 0.000247 0 1.98 1 20 
-0.00107488 -0.000392884 -0.000682 0 1.99 1 20 
-0.00105159 0.0116484 -0.0127 0 2 1 20 
-0.0981179 -0.00251785 -0.0956 0 0.004 2 32 
-0.13114 -0.00413986 -0.127 0 0.014 2 32 
-0.160776 -0.00877649 -0.152 0 0.0241 2 32 
-0.18685 -0.00784983 -0.179 0 0.0341 2 32 
-0.210029 0.0179714 -0.228 0 0.0441 2 32 
-0.230817 0.0141833 -0.245 0 0.0542 2 32 
-0.249062 -6.21965e-005 -0.249 0 0.0642 2 32 
-0.265181 0.000818654 -0.266 0 0.0742 2 32 
-0.279307 0.00169311 -0.281 0 0.0842 2 32 
-0.291618 -0.031618 -0.26 0 0.0943 2 32 
-0.301599 0.00240115 -0.304 0 0.104 2 32 
-0.309962 -0.00396243 -0.306 0 0.114 2 32 
-0.316309 -0.00230926 -0.314 0 0.124 2 32 
-0.320574 0.000426292 -0.321 0 0.134 2 32 
-0.322707 0.00929293 -0.332 0 0.144 2 32 
-0.322695 -0.00269458 -0.32 0 0.154 2 32 
-0.320567 0.0114331 -0.332 0 0.164 2 32 
-0.315882 0.00511792 -0.321 0 0.175 2 32 
-0.309637 0.00636305 -0.316 0 0.185 2 32 
-0.301685 0.000314782 -0.302 0 0.195 2 32 
-0.292242 -0.0232416 -0.269 0 0.205 2 32 
-0.281545 0.0184554 -0.3 0 0.215 2 32 
-0.269845 -0.00784498 -0.262 0 0.225 2 32 
-0.257395 0.0146052 -0.272 0 0.235 2 32 
-0.244438 0.00256206 -0.247 0 0.245 2 32 
-0.231202 -0.0132023 -0.218 0 0.255 2 32 
-0.217894 -0.00289398 -0.215 0 0.265 2 32 
-0.204694 0.00830608 -0.213 0 0.275 2 32 
-0.191756 0.00524429 -0.197 0 0.285 2 32 
-0.179205 -0.00820518 -0.171 0 0.295 2 32 
-0.167141 0.00585853 -0.173 0 0.305 2 32 
-0.155639 -0.00363872 -0.152 0 0.315 2 32 
-0.144748 -0.00174845 -0.143 0 0.325 2 32 
-0.134502 0.00549763 -0.14 0 0.335 2 32 
-0.124915 -0.0219153 -0.103 0 0.345 2 32 
-0.115988 -0.00698787 -0.109 0 0.355 2 32 
-0.10771 0.0192905 -0.127 0 0.365 2 32 
-0.100061 -0.00246087 -0.0976 0 0.375 2 32 
-0.0930158 0.00618416 -0.0992 0 0.385 2 32 
-0.0865437 -0.00894375 -0.0776 0 0.395 2 32 
-0.0806109 0.00758912 -0.0882 0 0.405 2 32 
-0.0751818 0.000818177 -0.076 0 0.415 2 32 
-0.0702205 -0.00542052 -0.0648 0 0.425 2 32 
-0.0656912 -0.00899124 -0.0567 0 0.435 2 32 
-0.0615591 0.0116409 -0.0732 0 0.445 2 32 
-0.0577906 0.00290945 -0.0607 0 0.455 2 32 
-0.0543538 0.00434617 -0.0587 0 0.465 2 32 
-0.051219 0.006081 -0.0573 0 0.475 2 32 
-0.0483582 -0.0181582 -0.0302 0 0.485 2 32 
-0.0457455 -0.00464555 -0.0411 0 0.495 2 32 
-0.04313 0.01217 -0.0553 0 0.506 2 32 
-0.0409636 -0.00966363 -0.0313 0 0.516 2 32 
-0.0389782 -0.0217782 -0.0172 0 0.526 2 32 
-0.0371558 -0.0109558 -0.0262 0 0.536 2 32 
-0.0354803 0.0145197 -0.05 0 0.546 2 32 
-0.033937 0.00416296 -0.0381 0 0.556 2 32 
-0.0325129 -0.0134129 -0.0191 0 0.566 2 32 
-0.0311961 0.0063039 -0.0375 0 0.576 2 32 
-0.0299759 -0.00527589 -0.0247 0 0.586 2 32 
-0.0288428 -0.00854276 -0.0203 0 0.596 2 32 
-0.0277882 0.00841183 -0.0362 0 0.606 2 32 
-0.0268044 -0.000304446 -0.0265 0 0.616 2 32 
-0.0258847 0.0315153 -0.0574 0 0.626 2 32 
-0.0250229 0.00937707 -0.0344 0 0.636 2 32 
-0.0242135 0.00158647 -0.0258 0 0.646 2 32 
-0.0234516 0.0115484 -0.035 0 0.656 2 32 
-0.0227329 -0.0172329 -0.0055 0 0.666 2 32 
-0.0220534 0.0134466 -0.0355 0 0.676 2 32 
-0.0214096 0.00349043 -0.0249 0 0.686 2 32 
-0.0207984 -0.00219836 -0.0186 0 0.696 2 32 
-0.020217 -0.015287 -0.00493 0 0.706 2 32 
-0.0196628 0.0135372 -0.0332 0 0.716 2 32 
-0.0191338 -0.0124738 -0.00666 0 0.726 2 32 
-0.0186278 -0.000927777 -0.0177 0 0.736 2 32 
-0.018143 0.00905699 -0.0272 0 0.746 2 32 
-0.0176779 -0.00537786 -0.0123 0 0.756 2 32 
-0.0172309 -0.0027309 -0.0145 0 0.766 2 32 
-0.0168008 0.0052992 -0.0221 0 0.776 2 32 
-0.0163864 -0.0013864 -0.015 0 0.786 2 32 
-0.0159866 0.00311336 -0.0191 0 0.796 2 32 
-0.0156006 -0.00180056 -0.0138 0 0.806 2 32 
-0.0152273 -0.00726731 -0.00796 0 0.816 2 32 
-0.0148661 -0.0164761 0.00161 0 0.826 2 32 
-0.0144818 0.0118182 -0.0263 0 0.837 2 32 
-0.0141437 -0.0218637 0.00772 0 0.847 2 32 
-0.0138156 0.0189844 -0.0328 0 0.857 2 32 
-0.0134971 0.00100293 -0.0145 0 0.867 2 32 
-0.0131876 -0.00633758 -0.00685 0 0.877 2 32 
-0.0128867 -0.00324671 -0.00964 0 0.887 2 32 
-0.012594 0.00580596 -0.0184 0 0.897 2 32 
-0.0123092 0.00169077 -0.014 0 0.907 2 32 
-0.0120319 0.00456808 -0.0166 0 0.917 2 32 
-0.0117618 0.0055382 -0.0173 0 0.927 2 32 
-0.0114986 -0.00880859 -0.00269 0 0.937 2 32 
-0.011242 -0.00386201 -0.00738 0 0.947 2 32 
-0.0109918 0.00660817 -0.0176 0 0.957 2 32 
-0.0107478 -0.0092478 -0.0015 0 0.967 2 32 
-0.0105097 -0.00329971 -0.00721 0 0.977 2 32 
-0.0102774 -0.00833735 -0.00194 0 0.987 2 32 
-0.0100505 -0.00649055 -0.00356 0 0.997 2 32 
-0.00976371 0.00813629 -0.0179 0 1.01 2 32 
-0.00954901 0.00555099 -0.0151 0 1.02 2 32 
-0.00933931 -0.00754931 -0.00179 0 1.03 2 32 
-0.00913446 -0.00616446 -0.00297 0 1.04 2 32 
-0.00893432 0.000165681 -0.0091 0 1.05 2 32 
-0.00873876 -0.00119876 -0.00754 0 1.06 2 32 
-0.00854766 -0.0127877 0.00424 0 1.07 2 32 
-0.00836088 0.00593912 -0.0143 0 1.08 2 32 
-0.00817833 -0.00544833 -0.00273 0 1.09 2 32 
-0.00799988 0.00210012 -0.0101 0 1.1 2 32 
-0.00782543 0.00217457 -0.01 0 1.11 2 32 
-0.00765488 -0.0109349 0.00328 0 1.12 2 32 
-0.00748814 -0.00818614 0.000698 0 1.13 2 32 
-0.0073251 -0.0080551 0.00073 0 1.14 2 32 
-0.00716567 -0.0129657 0.0058 0 1.15 2 32 
-0.00700978 -0.000109776 -0.0069 0 1.16 2 32 
-0.00685732 -0.00670832 -0.000149 0 1.17 2 32 
-0.00670823 0.00322176 -0.00993 0 1.18 2 32 
-0.00656243 -0.00311243 -0.00345 0 1.19 2 32 
-0.00641983 0.00144017 -0.00786 0 1.2 2 32 
-0.00628036 -0.000820356 -0.00546 0 1.21 2 32 
-0.00614394 -0.00579594 -0.000348 0 1.22 2 32 
-0.00601052 0.00838948 -0.0144 0 1.23 2 32 
-0.00588002 -0.02078 0.0149 0 1.24 2 32 
-0.00575237 0.0102476 -0.016 0 1.25 2 32 
-0.00562751 0.0123725 -0.018 0 1.26 2 32 
-0.00550538 -0.0113854 0.00588 0 1.27 2 32 
-0.00538591 -0.00771591 0.00233 0 1.28 2 32 
-0.00526904 -0.00603804 0.000769 0 1.29 2 32 
-0.00515473 -0.00607573 0.000921 0 1.3 2 32 
-0.0050429 0.000337101 -0.00538 0 1.31 2 32 
-0.00493351 0.0091665 -0.0141 0 1.32 2 32 
-0.00482649 -0.000536493 -0.00429 0 1.33 2 32 
-0.00472181 0.00697819 -0.0117 0 1.34 2 32 
-0.0046194 -0.0095194 0.0049 0 1.35 2 32 
-0.00451922 0.00170078 -0.00622 0 1.36 2 32 
-0.00442122 0.00847878 -0.0129 0 1.37 2 32 
-0.00432534 0.00345466 -0.00778 0 1.38 2 32 
-0.00423155 -0.00388555 -0.000346 0 1.39 2 32 
-0.0041398 0.0058602 -0.01 0 1.4 2 32 
-0.00405004 0.00844996 -0.0125 0 1.41 2 32 
-0.00396223 -0.00218223 -0.00178 0 1.42 2 32 
-0.00387632 -0.00219632 -0.00168 0 1.43 2 32 
-0.00379228 0.00532772 -0.00912 0 1.44 2 32 
-0.00371006 0.00496994 -0.00868 0 1.45 2 32 
-0.00362963 -0.00205963 -0.00157 0 1.46 2 32 
-0.00355094 0.0147491 -0.0183 0 1.47 2 32 
-0.00347396 0.014326 -0.0178 0 1.48 2 32 
-0.00339865 0.00740135 -0.0108 0 1.49 2 32 
-0.00332497 0.00239503 -0.00572 0 1.5 2 32 
-0.00325289 -0.00284389 -0.000409 0 1.51 2 32 
-0.00318237 -0.0144824 0.0113 0 1.52 2 32 
-0.00311339 -0.00831339 0.0052 0 1.53 2 32 
-0.0030459 0.0018641 -0.00491 0 1.54 2 32 
-0.00297987 0.00046013 -0.00344 0 1.55 2 32 
-0.00291527 0.0102847 -0.0132 0 1.56 2 32 
-0.00285208 0.000447921 -0.0033 0 1.57 2 32 
-0.00279026 0.00314974 -0.00594 0 1.58 2 32 
-0.00272977 -0.00296077 0.000231 0 1.59 2 32 
-0.0026706 0.0085294 -0.0112 0 1.6 2 32 
-0.00261271 -0.00493271 0.00232 0 1.61 2 32 
-0.00255608 -0.0150561 0.0125 0 1.62 2 32 
-0.00250067 0.00134933 -0.00385 0 1.63 2 32 
-0.00244646 -0.00375646 0.00131 0 1.64 2 32 
-0.00239343 -0.00664343 0.00425 0 1.65 2 32 
-0.00234155 0.00427845 -0.00662 0 1.66 2 32 
-0.0022908 -0.0019798 -0.000311 0 1.67 2 32 
-0.00224114 0.000138857 -0.00238 0 1.68 2 32 
-0.00219256 -0.000722563 -0.00147 0 1.69 2 32 
-0.00214504 0.00795496 -0.0101 0 1.7 2 32 
-0.00209854 1.14585e-005 -0.00211 0 1.71 2 32 
-0.00205305 -0.00472305 0.00267 0 1.72 2 32 
-0.00200855 -0.0142086 0.0122 0 1.73 2 32 
-0.00196502 -0.00934501 0.00738 0 1.74 2 32 
-0.00192242 -0.0213224 0.0194 0 1.75 2 32 
-0.00188075 0.00791925 -0.0098 0 1.76 2 32 
-0.00183999 -0.00847999 0.00664 0 1.77 2 32 
-0.0018001 -0.0015871 -0.000213 0 1.78 2 32 
-0.00176108 -0.0216611 0.0199 0 1.79 2 32 
-0.00172291 0.00827709 -0.01 0 1.8 2 32 
-0.00168557 0.00861443 -0.0103 0 1.81 2 32 
-0.00164903 0.00623097 -0.00788 0 1.82 2 32 
-0.00161329 0.0214867 -0.0231 0 1.83 2 32 
-0.00157832 0.00549168 -0.00707 0 1.84 2 32 
-0.00154411 0.00782589 -0.00937 0 1.85 2 32 
-0.00151064 -0.00127164 -0.000239 0 1.86 2 32 
-0.00147789 -0.00318789 0.00171 0 1.87 2 32 
-0.00144586 -0.0185459 0.0171 0 1.88 2 32 
-0.00141452 -0.00927452 0.00786 0 1.89 2 32 
-0.00138386 0.00599614 -0.00738 0 1.9 2 32 
-0.00135386 0.00924614 -0.0106 0 1.91 2 32 
-0.00132452 -0.00469452 0.00337 0 1.92 2 32 
-0.00129581 0.0134042 -0.0147 0 1.93 2 32 
-0.00126772 -0.0180677 0.0168 0 1.94 2 32 
-0.00124024 -0.0115402 0.0103 0 1.95 2 32 
-0.00121336 0.00490664 -0.00612 0 1.96 2 32 
-0.00118706 0.0173129 -0.0185 0 1.97 2 32 
-0.00116133 -0.0133613 0.0122 0 1.98 2 32 
-0.00113615 0.00135385 -0.00249 0 1.99 2 32 
-0.00111153 -0.0122115 0.0111 0 2 2 32 
-0.0741604 0.0156396 -0.0898 0 0.004 3 44 
-0.0991194 0.00588064 -0.105 0 0.014 3 44 
-0.12152 -0.000519604 -0.121 0 0.0241 3 44 
-0.141227 -0.000226879 -0.141 0 0.0341 3 44 
-0.158748 0.00525154 -0.164 0 0.0441 3 44 
-0.174473 -0.00547267 -0.169 0 0.0542 3 44 
-0.188304 0.0116959 -0.2 0 0.0642 3 44 
-0.200597 0.00340284 -0.204 0 0.0742 3 44 
-0.211518 0.00148174 -0.213 0 0.0842 3 44 
-0.221303 -0.00230273 -0.219 0 0.0943 3 44 
-0.229637 -0.00363715 -0.226 0 0.104 3 44 
-0.237236 0.0157643 -0.253 0 0.114 3 44 
-0.243899 0.0201013 -0.264 0 0.124 3 44 
-0.249675 -0.00767508 -0.242 0 0.134 3 44 
-0.254589 0.00141091 -0.256 0 0.144 3 44 
-0.258642 0.0123577 -0.271 0 0.154 3 44 
-0.261817 -0.0108173 -0.251 0 0.164 3 44 
-0.264258 0.0037422 -0.268 0 0.175 3 44 
-0.265478 -0.00747792 -0.258 0 0.185 3 44 
-0.265707 0.00329337 -0.269 0 0.195 3 44 
-0.264912 -0.0169116 -0.248 0 0.205 3 44 
-0.263073 -0.0150731 -0.248 0 0.215 3 44 
-0.260188 0.00481167 -0.265 0 0.225 3 44 
-0.256275 -0.00827473 -0.248 0 0.235 3 44 
-0.251371 -0.00537095 -0.246 0 0.245 3 44 
-0.245537 -0.0135366 -0.232 0 0.255 3 44 
-0.23885 0.00914961 -0.248 0 0.265 3 44 
-0.231407 -0.0084071 -0.223 0 0.275 3 44 
-0.223314 -0.0123141 -0.211 0 0.285 3 44 
-0.214687 0.0153129 -0.23 0 0.295 3 44 
-0.205646 0.00935413 -0.215 0 0.305 3 44 
-0.19631 0.0176897 -0.214 0 0.315 3 44 
-0.186797 0.000203119 -0.187 0 0.325 3 44 
-0.177216 -0.0102155 -0.167 0 0.335 3 44 
-0.167667 -0.0176673 -0.15 0 0.345 3 44 
-0.158243 -0.00324267 -0.155 0 0.355 3 44 
-0.14902 -0.0190202 -0.13 0 0.365 3 44 
-0.140066 0.0109338 -0.151 0 0.375 3 44 
-0.131435 0.014565 -0.146 0 0.385 3 44 
-0.123169 -0.00216859 -0.121 0 0.395 3 44 
-0.115298 -0.00629829 -0.109 0 0.405 3 44 
-0.107845 -0.00184498 -0.106 0 0.415 3 44 
-0.100821 0.0191795 -0.12 0 0.425 3 44 
-0.0942289 -0.000728892 -0.0935 0 0.435 3 44 
-0.0880674 0.0115326 -0.0996 0 0.445 3 44 
-0.0823278 -0.00812783 -0.0742 0 0.455 3 44 
-0.0769975 -0.0049975 -0.072 0 0.465 3 44 
-0.0720603 0.00813967 -0.0802 0 0.475 3 44 
-0.0674977 0.00400229 -0.0715 0 0.485 3 44 
-0.0632893 0.00951066 -0.0728 0 0.495 3 44 
-0.0590438 -4.37682e-005 -0.059 0 0.506 3 44 
-0.0555092 -0.0103092 -0.0452 0 0.516 3 44 
-0.0522615 0.00913845 -0.0614 0 0.526 3 44 
-0.0492794 -0.00577944 -0.0435 0 0.536 3 44 
-0.046542 0.00455797 -0.0511 0 0.546 3 44 
-0.0440294 0.00717061 -0.0512 0 0.556 3 44 
-0.0417226 0.000277392 -0.042 0 0.566 3 44 
-0.0396039 0.00959612 -0.0492 0 0.576 3 44 
-0.0376565 0.00474346 -0.0424 0 0.586 3 44 
-0.0358652 0.0111348 -0.047 0 0.596 3 44 
-0.0342155 -0.0205155 -0.0137 0 0.606 3 44 
-0.0326943 -0.00119431 -0.0315 0 0.616 3 44 
-0.0312896 0.00611035 -0.0374 0 0.626 3 44 
-0.0299905 -0.00309049 -0.0269 0 0.636 3 44 
-0.0287869 0.000213149 -0.029 0 0.646 3 44 
-0.0276697 0.00123034 -0.0289 0 0.656 3 44 
-0.0266307 -0.00713069 -0.0195 0 0.666 3 44 
-0.0256625 -0.00856253 -0.0171 0 0.676 3 44 
-0.0247585 0.00434153 -0.0291 0 0.686 3 44 
-0.0239125 0.00478751 -0.0287 0 0.696 3 44 
-0.0231191 0.00178085 -0.0249 0 0.706 3 44 
-0.0223736 0.0220264 -0.0444 0 0.716 3 44 
-0.0216714 0.0142286 -0.0359 0 0.726 3 44 
-0.0210086 -0.0145986 -0.00641 0 0.736 3 44 
-0.0203818 -0.0173618 -0.00302 0 0.746 3 44 
-0.0197878 0.00161221 -0.0214 0 0.756 3 44 
-0.0192237 -0.00662367 -0.0126 0 0.766 3 44 
-0.0186869 -0.00398692 -0.0147 0 0.776 3 44 
-0.0181753 -0.0316753 0.0135 0 0.786 3 44 
-0.0176867 -0.0120267 -0.00566 0 0.796 3 44 
-0.0172193 0.000480684 -0.0177 0 0.806 3 44 
-0.0167715 0.00872849 -0.0255 0 0.816 3 44 
-0.0163418 0.0152582 -0.0316 0 0.826 3 44 
-0.0158884 -0.00268841 -0.0132 0 0.837 3 44 
-0.0154925 0.0069075 -0.0224 0 0.847 3 44 
-0.015111 0.013589 -0.0287 0 0.857 3 44 
-0.0147429 0.00585715 -0.0206 0 0.867 3 44 
-0.0143873 0.0102127 -0.0246 0 0.877 3 44 
-0.0140435 -0.0174535 0.00341 0 0.887 3 44 
-0.0137107 -0.00938071 -0.00433 0 0.897 3 44 
-0.0133883 -0.000488349 -0.0129 0 0.907 3 44 
-0.0130758 -0.0153158 0.00224 0 0.917 3 44 
-0.0127726 -0.00127257 -0.0115 0 0.927 3 44 
-0.0124781 0.00812187 -0.0206 0 0.937 3 44 
-0.012192 -0.015672 0.00348 0 0.947 3 44 
-0.0119139 -0.00580393 -0.00611 0 0.957 3 44 
-0.0116434 0.0099566 -0.0216 0 0.967 3 44 
-0.0113801 0.00151989 -0.0129 0 0.977 3 44 
-0.0111238 0.00837623 -0.0195 0 0.987 3 44 
-0.0108741 0.0135259 -0.0244 0 0.997 3 44 
-0.010559 -0.00949895 -0.00106 0 1.01 3 44 
-0.0103236 -0.0193036 0.00898 0 1.02 3 44 
-0.010094 0.013806 -0.0239 0 1.03 3 44 
-0.00987007 -0.00581007 -0.00406 0 1.04 3 44 
-0.00965157 0.00634843 -0.016 0 1.05 3 44 
-0.00943832 0.00476168 -0.0142 0 1.06 3 44 
-0.00923015 0.00576985 -0.015 0 1.07 3 44 
-0.0090269 0.0085731 -0.0176 0 1.08 3 44 
-0.00882841 -0.000578407 -0.00825 0 1.09 3 44 
-0.00863454 0.00826546 -0.0169 0 1.1 3 44 
-0.00844515 -0.00276515 -0.00568 0 1.11 3 44 
-0.00826013 0.000459875 -0.00872 0 1.12 3 44 
-0.00807933 0.00232067 -0.0104 0 1.13 3 44 
-0.00790265 0.00909735 -0.017 0 1.14 3 44 
-0.00772998 0.00577002 -0.0135 0 1.15 3 44 
-0.0075612 -0.0075444 -1.68e-005 0 1.16 3 44 
-0.00739622 -0.00498622 -0.00241 0 1.17 3 44 
-0.00723494 0.00976506 -0.017 0 1.18 3 44 
-0.00707726 -0.000947261 -0.00613 0 1.19 3 44 
-0.0069231 -0.0074571 0.000534 0 1.2 3 44 
-0.00677236 0.0167276 -0.0235 0 1.21 3 44 
-0.00662497 -0.00535497 -0.00127 0 1.22 3 44 
-0.00648084 0.00671916 -0.0132 0 1.23 3 44 
-0.00633989 -0.00560889 -0.000731 0 1.24 3 44 
-0.00620206 0.00769794 -0.0139 0 1.25 3 44 
-0.00606725 0.0181327 -0.0242 0 1.26 3 44 
-0.00593541 0.0163646 -0.0223 0 1.27 3 44 
-0.00580647 -0.000346467 -0.00546 0 1.28 3 44 
-0.00568035 -0.00246035 -0.00322 0 1.29 3 44 
-0.005557 0.009143 -0.0147 0 1.3 3 44 
-0.00543634 -0.00623234 0.000796 0 1.31 3 44 
-0.00531832 0.0167817 -0.0221 0 1.32 3 44 
-0.00520288 0.000827115 -0.00603 0 1.33 3 44 
-0.00508997 0.01231 -0.0174 0 1.34 3 44 
-0.00497951 0.00672049 -0.0117 0 1.35 3 44 
-0.00487147 -0.000291467 -0.00458 0 1.36 3 44 
-0.00476578 0.00883422 -0.0136 0 1.37 3 44 
-0.00466239 0.00403761 -0.0087 0 1.38 3 44 
-0.00456125 -0.00986125 0.0053 0 1.39 3 44 
-0.00446231 0.00593769 -0.0104 0 1.4 3 44 
-0.00436553 -0.00815553 0.00379 0 1.41 3 44 
-0.00427085 0.0115292 -0.0158 0 1.42 3 44 
-0.00417823 -0.00508523 0.000907 0 1.43 3 44 
-0.00408762 -0.0141876 0.0101 0 1.44 3 44 
-0.00399898 0.024901 -0.0289 0 1.45 3 44 
-0.00391226 0.00818774 -0.0121 0 1.46 3 44 
-0.00382743 -0.00554743 0.00172 0 1.47 3 44 
-0.00374444 0.00225556 -0.006 0 1.48 3 44 
-0.00366326 -0.00348126 -0.000182 0 1.49 3 44 
-0.00358383 0.00627617 -0.00986 0 1.5 3 44 
-0.00350613 -0.000636133 -0.00287 0 1.51 3 44 
-0.00343012 0.00178988 -0.00522 0 1.52 3 44 
-0.00335575 -0.0114458 0.00809 0 1.53 3 44 
-0.003283 -0.002306 -0.000977 0 1.54 3 44 
-0.00321183 -0.00313663 -7.52e-005 0 1.55 3 44 
-0.0031422 0.0043578 -0.0075 0 1.56 3 44 
-0.00307408 0.00511592 -0.00819 0 1.57 3 44 
-0.00300744 0.00457256 -0.00758 0 1.58 3 44 
-0.00294225 -0.00370125 0.000759 0 1.59 3 44 
-0.00287847 0.00445153 -0.00733 0 1.6 3 44 
-0.00281607 -0.00265407 -0.000162 0 1.61 3 44 
-0.00275502 -0.020555 0.0178 0 1.62 3 44 
-0.0026953 -0.0084653 0.00577 0 1.63 3 44 
-0.00263688 0.00350312 -0.00614 0 1.64 3 44 
-0.00257972 -0.0117697 0.00919 0 1.65 3 44 
-0.0025238 0.0043262 -0.00685 0 1.66 3 44 
-0.00246909 0.0206309 -0.0231 0 1.67 3 44 
-0.00241557 0.0102844 -0.0127 0 1.68 3 44 
-0.00236321 0.0189368 -0.0213 0 1.69 3 44 
-0.00231198 0.00375802 -0.00607 0 1.7 3 44 
-0.00226187 5.81328e-005 -0.00232 0 1.71 3 44 
-0.00221284 -0.0165128 0.0143 0 1.72 3 44 
-0.00216487 -0.00302887 0.000864 0 1.73 3 44 
-0.00211795 0.00243205 -0.00455 0 1.74 3 44 
-0.00207204 -0.00805204 0.00598 0 1.75 3 44 
-0.00202712 0.0223729 -0.0244 0 1.76 3 44 
-0.00198318 -0.00212018 0.000137 0 1.77 3 44 
-0.0019402 -0.0074702 0.00553 0 1.78 3 44 
-0.00189814 0.0150019 -0.0169 0 1.79 3 44 
-0.001857 -0.011207 0.00935 0 1.8 3 44 
-0.00181675 -0.00315675 0.00134 0 1.81 3 44 
-0.00177737 0.00438263 -0.00616 0 1.82 3 44 
-0.00173884 -0.00609884 0.00436 0 1.83 3 44 
-0.00170115 -0.0225012 0.0208 0 1.84 3 44 
-0.00166428 -0.00159248 -7.18e-005 0 1.85 3 44 
-0.0016282 -0.0022572 0.000629 0 1.86 3 44 
-0.00159291 0.00481709 -0.00641 0 1.87 3 44 
-0.00155838 0.00874162 -0.0103 0 1.88 3 44 
-0.0015246 -0.0080846 0.00656 0 1.89 3 44 
-0.00149156 0.00880844 -0.0103 0 1.9 3 44 
-0.00145923 -0.000499226 -0.00096 0 1.91 3 44 
-0.0014276 0.0049924 -0.00642 0 1.92 3 44 
-0.00139665 -0.00457665 0.00318 0 1.93 3 44 
-0.00136638 -0.00312638 0.00176 0 1.94 3 44 
-0.00133676 -0.0101668 0.00883 0 1.95 3 44 
-0.00130779 0.00531221 -0.00662 0 1.96 3 44 
-0.00127944 0.00290056 -0.00418 0 1.97 3 44 
-0.00125171 0.00994829 -0.0112 0 1.98 3 44 
-0.00122458 0.00464542 -0.00587 0 1.99 3 44 
-0.00119803 -0.00356803 0.00237 0 2 3 44 
-0.0593608 -0.00816075 -0.0512 0 0.004 4 56 
-0.0793392 0.00856082 -0.0879 0 0.014 4 56 
-0.0972692 -0.00946921 -0.0878 0 0.0241 4 56 
-0.113044 -0.0141438 -0.0989 0 0.0341 4 56 
-0.127069 -0.00406884 -0.123 0 0.0441 4 56 
-0.139655 -0.0186552 -0.121 0 0.0542 4 56 
-0.150727 0.00827335 -0.159 0 0.0642 4 56 
-0.160568 0.0134323 -0.174 0 0.0742 4 56 
-0.169314 0.0186863 -0.188 0 0.0842 4 56 
-0.177158 -0.0131576 -0.164 0 0.0943 4 56 
-0.183856 -0.00485621 -0.179 0 0.104 4 56 
-0.189998 0.00300196 -0.193 0 0.114 4 56 
-0.195446 0.00055366 -0.196 0 0.124 4 56 
-0.200273 0.0147267 -0.215 0 0.134 4 56 
-0.204541 -0.0205407 -0.184 0 0.144 4 56 
-0.2083 0.00270018 -0.211 0 0.154 4 56 
-0.211591 0.00340888 -0.215 0 0.164 4 56 
-0.214706 -0.00370624 -0.211 0 0.175 4 56 
-0.217098 -0.0010982 -0.216 0 0.185 4 56 
-0.219078 0.00192189 -0.221 0 0.195 4 56 
-0.220642 0.0123579 -0.233 0 0.205 4 56 
-0.221777 -0.000777093 -0.221 0 0.215 4 56 
-0.222463 -0.0144627 -0.208 0 0.225 4 56 
-0.222673 -0.00967317 -0.213 0 0.235 4 56 
-0.22238 -0.0123802 -0.21 0 0.245 4 56 
-0.221555 0.00844461 -0.23 0 0.255 4 56 
-0.220173 0.0128265 -0.233 0 0.265 4 56 
-0.218215 0.00378546 -0.222 0 0.275 4 56 
-0.215666 0.00133366 -0.217 0 0.285 4 56 
-0.212526 -0.00952606 -0.203 0 0.295 4 56 
-0.208801 0.0171986 -0.226 0 0.305 4 56 
-0.204511 -0.0155109 -0.189 0 0.315 4 56 
-0.199684 0.0013157 -0.201 0 0.325 4 56 
-0.194361 0.00363896 -0.198 0 0.335 4 56 
-0.18859 0.00841027 -0.197 0 0.345 4 56 
-0.182426 0.0145737 -0.197 0 0.355 4 56 
-0.175932 -0.0109321 -0.165 0 0.365 4 56 
-0.169173 -0.00317253 -0.166 0 0.375 4 56 
-0.162214 0.00978578 -0.172 0 0.385 4 56 
-0.155124 0.00987604 -0.165 0 0.395 4 56 
-0.147967 3.32878e-005 -0.148 0 0.405 4 56 
-0.140804 -0.0198041 -0.121 0 0.415 4 56 
-0.133693 -0.000693463 -0.133 0 0.425 4 56 
-0.126687 0.0123134 -0.139 0 0.435 4 56 
-0.11983 -0.000829522 -0.119 0 0.445 4 56 
-0.113162 -0.000161697 -0.113 0 0.455 4 56 
-0.106716 0.0242837 -0.131 0 0.465 4 56 
-0.10052 -0.00201982 -0.0985 0 0.475 4 56 
-0.0945929 -0.000192859 -0.0944 0 0.485 4 56 
-0.0889501 -0.0092501 -0.0797 0 0.495 4 56 
-0.0830823 -0.0201823 -0.0629 0 0.506 4 56 
-0.0780612 -0.0128612 -0.0652 0 0.516 4 56 
-0.0733383 0.00116167 -0.0745 0 0.526 4 56 
-0.0689104 0.00968962 -0.0786 0 0.536 4 56 
-0.0647708 -0.0270708 -0.0377 0 0.546 4 56 
-0.0609107 -0.00191066 -0.059 0 0.556 4 56 
-0.0573192 -0.00131922 -0.056 0 0.566 4 56 
-0.0539843 -0.000984287 -0.053 0 0.576 4 56 
-0.0508926 -0.00309263 -0.0478 0 0.586 4 56 
-0.0480305 0.00036953 -0.0484 0 0.596 4 56 
-0.0453836 0.00461636 -0.05 0 0.606 4 56 
-0.042938 0.00446204 -0.0474 0 0.616 4 56 
-0.0406794 -0.000679398 -0.04 0 0.626 4 56 
-0.0385943 0.00440573 -0.043 0 0.636 4 56 
-0.0366694 0.00613064 -0.0428 0 0.646 4 56 
-0.0348921 -0.00209207 -0.0328 0 0.656 4 56 
-0.0332504 0.00154961 -0.0348 0 0.666 4 56 
-0.0317331 -0.0160331 -0.0157 0 0.676 4 56 
-0.0303295 0.0255705 -0.0559 0 0.686 4 56 
-0.0290298 -0.0119298 -0.0171 0 0.696 4 56 
-0.027825 -0.013425 -0.0144 0 0.706 4 56 
-0.0267066 0.0197934 -0.0465 0 0.716 4 56 
-0.0256668 0.00243322 -0.0281 0 0.726 4 56 
-0.0246986 0.00280142 -0.0275 0 0.736 4 56 
-0.0237955 0.0131045 -0.0369 0 0.746 4 56 
-0.0229516 0.00684843 -0.0298 0 0.756 4 56 
-0.0221615 0.0102385 -0.0324 0 0.766 4 56 
-0.0214204 -0.0184304 -0.00299 0 0.776 4 56 
-0.0207239 -0.0102239 -0.0105 0 0.786 4 56 
-0.0200679 -0.0135979 -0.00647 0 0.796 4 56 
-0.0194489 -0.00804891 -0.0114 0 0.806 4 56 
-0.0188636 0.0104364 -0.0293 0 0.816 4 56 
-0.0183092 0.00439081 -0.0227 0 0.826 4 56 
-0.0177317 -0.00563172 -0.0121 0 0.837 4 56 
-0.0172337 0.0114663 -0.0287 0 0.847 4 56 
-0.0167591 -0.0078591 -0.0089 0 0.857 4 56 
-0.0163061 0.00169394 -0.018 0 0.867 4 56 
-0.0158729 0.00302712 -0.0189 0 0.877 4 56 
-0.015458 -0.00777799 -0.00768 0 0.887 4 56 
-0.01506 -0.00509002 -0.00997 0 0.897 4 56 
-0.0146777 0.00302227 -0.0177 0 0.907 4 56 
-0.01431 -0.0122 -0.00211 0 0.917 4 56 
-0.0139558 0.0102442 -0.0242 0 0.927 4 56 
-0.0136142 -0.00671419 -0.0069 0 0.937 4 56 
-0.0132844 -0.0064644 -0.00682 0 0.947 4 56 
-0.0129657 0.00253435 -0.0155 0 0.957 4 56 
-0.0126573 -0.00375728 -0.0089 0 0.967 4 56 
-0.0123587 0.0120413 -0.0244 0 0.977 4 56 
-0.0120693 -0.00968925 -0.00238 0 0.987 4 56 
-0.0117885 0.00141146 -0.0132 0 0.997 4 56 
-0.0114359 0.00486414 -0.0163 0 1.01 4 56 
-0.0111735 -0.0107935 -0.00038 0 1.02 4 56 
-0.0109184 0.00678162 -0.0177 0 1.03 4 56 
-0.0106703 0.0138297 -0.0245 0 1.04 4 56 
-0.0104289 0.0152711 -0.0257 0 1.05 4 56 
-0.0101938 -0.00628379 -0.00391 0 1.06 4 56 
-0.00996484 0.0126352 -0.0226 0 1.07 4 56 
-0.00974175 -0.0177418 0.008 0 1.08 4 56 
-0.0095243 0.0206757 -0.0302 0 1.09 4 56 
-0.00931226 -0.0171223 0.00781 0 1.1 4 56 
-0.00910545 -0.00225545 -0.00685 0 1.11 4 56 
-0.00890368 0.000846316 -0.00975 0 1.12 4 56 
-0.00870678 0.00529322 -0.014 0 1.13 4 56 
-0.00851459 -0.00408459 -0.00443 0 1.14 4 56 
-0.00832696 0.000303041 -0.00863 0 1.15 4 56 
-0.00814374 -0.0110937 0.00295 0 1.16 4 56 
-0.0079648 -0.0011948 -0.00677 0 1.17 4 56 
-0.00779001 -0.00154001 -0.00625 0 1.18 4 56 
-0.00761925 0.00358075 -0.0112 0 1.19 4 56 
-0.00745241 0.000557586 -0.00801 0 1.2 4 56 
-0.00728938 -0.00307938 -0.00421 0 1.21 4 56 
-0.00713005 0.0170699 -0.0242 0 1.22 4 56 
-0.00697433 0.0135257 -0.0205 0 1.23 4 56 
-0.00682211 -0.00739411 0.000572 0 1.24 4 56 
-0.00667331 -0.00166331 -0.00501 0 1.25 4 56 
-0.00652784 0.00190216 -0.00843 0 1.26 4 56 
-0.00638561 -0.000115614 -0.00627 0 1.27 4 56 
-0.00624655 -0.00339655 -0.00285 0 1.28 4 56 
-0.00611058 0.00548942 -0.0116 0 1.29 4 56 
-0.00597761 0.00792239 -0.0139 0 1.3 4 56 
-0.00584759 -0.00185759 -0.00399 0 1.31 4 56 
-0.00572043 0.00987957 -0.0156 0 1.32 4 56 
-0.00559608 -0.00396608 -0.00163 0 1.33 4 56 
-0.00547446 0.0171255 -0.0226 0 1.34 4 56 
-0.00535551 -0.0101555 0.0048 0 1.35 4 56 
-0.00523918 -0.00458318 -0.000656 0 1.36 4 56 
-0.00512539 -0.00241539 -0.00271 0 1.37 4 56 
-0.00501409 -0.00967409 0.00466 0 1.38 4 56 
-0.00490524 -0.0165052 0.0116 0 1.39 4 56 
-0.00479876 -0.00997876 0.00518 0 1.4 4 56 
-0.0046946 0.0186054 -0.0233 0 1.41 4 56 
-0.00459272 0.0130073 -0.0176 0 1.42 4 56 
-0.00449307 0.00640693 -0.0109 0 1.43 4 56 
-0.00439558 -7.55844e-005 -0.00432 0 1.44 4 56 
-0.00430023 -0.00498623 0.000686 0 1.45 4 56 
-0.00420694 0.00749306 -0.0117 0 1.46 4 56 
-0.00411569 -0.00166569 -0.00245 0 1.47 4 56 
-0.00402643 0.00777357 -0.0118 0 1.48 4 56 
-0.0039391 0.0063609 -0.0103 0 1.49 4 56 
-0.00385367 0.0142463 -0.0181 0 1.5 4 56 
-0.0037701 0.0094299 -0.0132 0 1.51 4 56 
-0.00368835 0.0137117 -0.0174 0 1.52 4 56 
-0.00360837 0.00999163 -0.0136 0 1.53 4 56 
-0.00353013 -0.0103201 0.00679 0 1.54 4 56 
-0.00345358 0.00974642 -0.0132 0 1.55 4 56 
-0.0033787 -0.0260787 0.0227 0 1.56 4 56 
-0.00330544 -0.00470544 0.0014 0 1.57 4 56 
-0.00323377 -0.00162377 -0.00161 0 1.58 4 56 
-0.00316366 0.00883634 -0.012 0 1.59 4 56 
-0.00309507 -0.00677507 0.00368 0 1.6 4 56 
-0.00302796 0.00598204 -0.00901 0 1.61 4 56 
-0.00296232 -0.000992318 -0.00197 0 1.62 4 56 
-0.0028981 -0.0253981 0.0225 0 1.63 4 56 
-0.00283527 0.00119473 -0.00403 0 1.64 4 56 
-0.0027738 -0.0112638 0.00849 0 1.65 4 56 
-0.00271367 0.00726633 -0.00998 0 1.66 4 56 
-0.00265485 0.000585154 -0.00324 0 1.67 4 56 
-0.0025973 -0.0174973 0.0149 0 1.68 4 56 
-0.002541 0.006499 -0.00904 0 1.69 4 56 
-0.00248592 -0.0178859 0.0154 0 1.7 4 56 
-0.00243203 -0.00684203 0.00441 0 1.71 4 56 
-0.00237932 0.00586069 -0.00824 0 1.72 4 56 
-0.00232774 -0.00608774 0.00376 0 1.73 4 56 
-0.00227729 -0.00949729 0.00722 0 1.74 4 56 
-0.00222793 -0.00598793 0.00376 0 1.75 4 56 
-0.00217964 0.0159204 -0.0181 0 1.76 4 56 
-0.00213239 0.00749761 -0.00963 0 1.77 4 56 
-0.00208617 0.00270383 -0.00479 0 1.78 4 56 
-0.00204095 0.00096905 -0.00301 0 1.79 4 56 
-0.00199671 -0.00597671 0.00398 0 1.8 4 56 
-0.00195343 -0.00155043 -0.000403 0 1.81 4 56 
-0.00191108 0.0135889 -0.0155 0 1.82 4 56 
-0.00186966 -0.00357966 0.00171 0 1.83 4 56 
-0.00182913 -0.00587913 0.00405 0 1.84 4 56 
-0.00178948 -0.00537948 0.00359 0 1.85 4 56 
-0.00175069 -0.0105907 0.00884 0 1.86 4 56 
-0.00171274 -0.00812274 0.00641 0 1.87 4 56 
-0.00167561 -0.00437561 0.0027 0 1.88 4 56 
-0.00163929 0.000920714 -0.00256 0 1.89 4 56 
-0.00160375 0.0167962 -0.0184 0 1.9 4 56 
-0.00156899 -0.00407899 0.00251 0 1.91 4 56 
-0.00153498 -0.00186398 0.000329 0 1.92 4 56 
-0.0015017 -0.0025017 0.001 0 1.93 4 56 
-0.00146915 0.0129308 -0.0144 0 1.94 4 56 
-0.00143731 0.0110627 -0.0125 0 1.95 4 56 
-0.00140615 -0.0103262 0.00892 0 1.96 4 56 
-0.00137568 0.000604323 -0.00198 0 1.97 4 56 
-0.00134586 -0.00660586 0.00526 0 1.98 4 56 
-0.00131669 -7.66899e-005 -0.00124 0 1.99 4 56 
-0.00128815 -9.81526e-005 -0.00119 0 2 4 56 
