-0.148715 -0.00271457 -0.146 0 0.004 1 20 
-0.19833 0.00466992 -0.203 0 0.014 1 20 
-0.242987 -0.00198689 -0.241 0 0.0241 1 20 
-0.282261 -0.00926137 -0.273 0 0.0341 1 20 
-0.316845 0.00915506 -0.326 0 0.0441 1 20 
-0.346963 0.0090373 -0.356 0 0.0542 1 20 
-0.371754 -0.010754 -0.361 0 0.0642 1 20 
-0.391197 -0.00419696 -0.387 0 0.0742 1 20 
-0.405011 0.00698907 -0.412 0 0.0842 1 20 
-0.413143 -0.00614287 -0.407 0 0.0943 1 20 
-0.415568 0.00143221 -0.417 0 0.104 1 20 
-0.412898 0.000101589 -0.413 0 0.114 1 20 
-0.405535 -0.00853523 -0.397 0 0.124 1 20 
-0.394176 0.0118238 -0.406 0 0.134 1 20 
-0.379592 0.00840831 -0.388 0 0.144 1 20 
-0.362564 -0.00256385 -0.36 0 0.154 1 20 
-0.343837 0.00116325 -0.345 0 0.164 1 20 
-0.322073 -0.00907311 -0.313 0 0.175 1 20 
-0.301852 0.00314775 -0.305 0 0.185 1 20 
-0.281702 0.00929809 -0.291 0 0.195 1 20 
-0.261989 -0.0189894 -0.243 0 0.205 1 20 
-0.24299 -0.00198981 -0.241 0 0.215 1 20 
-0.224897 -0.00389735 -0.221 0 0.225 1 20 
-0.207838 0.0111623 -0.219 0 0.235 1 20 
-0.191881 0.00311901 -0.195 0 0.245 1 20 
-0.177054 -0.00405374 -0.173 0 0.255 1 20 
-0.163349 0.00965069 -0.173 0 0.265 1 20 
-0.150737 -0.00573701 -0.145 0 0.275 1 20 
-0.13917 0.0038304 -0.143 0 0.285 1 20 
-0.128589 0.00141094 -0.13 0 0.295 1 20 
-0.118931 0.00406887 -0.123 0 0.305 1 20 
-0.110129 -0.020429 -0.0897 0 0.315 1 20 
-0.102116 -0.00211559 -0.1 0 0.325 1 20 
-0.0948254 0.00817462 -0.103 0 0.335 1 20 
-0.0881957 -0.0101957 -0.078 0 0.345 1 20 
-0.0821674 0.0102326 -0.0924 0 0.355 1 20 
-0.0766852 -0.00408518 -0.0726 0 0.365 1 20 
-0.0716979 0.0176021 -0.0893 0 0.375 1 20 
-0.0671587 0.0113413 -0.0785 0 0.385 1 20 
-0.0630244 -0.00392438 -0.0591 0 0.395 1 20 
-0.0592559 -0.00935589 -0.0499 0 0.405 1 20 
-0.0558176 -0.00361763 -0.0522 0 0.415 1 20 
-0.0526774 -0.000777397 -0.0519 0 0.425 1 20 
-0.0498061 0.00109393 -0.0509 0 0.435 1 20 
-0.0471774 0.0129226 -0.0601 0 0.445 1 20 
-0.0447676 0.00533245 -0.0501 0 0.455 1 20 
-0.0425553 0.00274468 -0.0453 0 0.465 1 20 
-0.0405214 -0.0123214 -0.0282 0 0.475 1 20 
-0.0386486 -0.00514858 -0.0335 0 0.485 1 20 
-0.0369212 0.0159788 -0.0529 0 0.495 1 20 
-0.0351726 -0.00477258 -0.0304 0 0.506 1 20 
-0.0337069 0.00239306 -0.0361 0 0.516 1 20 
-0.0323478 0.00535215 -0.0377 0 0.526 1 20 
-0.0310853 -0.00748528 -0.0236 0 0.536 1 20 
-0.0299102 -0.0117102 -0.0182 0 0.546 1 20 
-0.0288144 -0.0106144 -0.0182 0 0.556 1 20 
-0.0277906 0.00710939 -0.0349 0 0.566 1 20 
-0.0268323 0.00186773 -0.0287 0 0.576 1 20 
-0.0259335 -0.00453345 -0.0214 0 0.586 1 20 
-0.0250888 -0.0108888 -0.0142 0 0.596 1 20 
-0.0242936 0.00360639 -0.0279 0 0.606 1 20 
-0.0235435 0.000756534 -0.0243 0 0.616 1 20 
-0.0228345 0.00996548 -0.0328 0 0.626 1 20 
-0.0221633 0.0109367 -0.0331 0 0.636 1 20 
-0.0215266 -0.00912655 -0.0124 0 0.646 1 20 
-0.0209215 -0.0145315 -0.00639 0 0.656 1 20 
-0.0203456 -0.000245636 -0.0201 0 0.666 1 20 
-0.0197965 -0.0109365 -0.00886 0 0.676 1 20 
-0.0192722 -0.00447216 -0.0148 0 0.686 1 20 
-0.0187706 0.00562939 -0.0244 0 0.696 1 20 
-0.0182902 -0.00439017 -0.0139 0 0.706 1 20 
-0.0178293 -0.0161593 -0.00167 0 0.716 1 20 
-0.0173866 -0.000386577 -0.017 0 0.726 1 20 
-0.0169608 -0.0163708 -0.00059 0 0.736 1 20 
-0.0165507 0.0255493 -0.0421 0 0.746 1 20 
-0.0161554 -0.00888535 -0.00727 0 0.756 1 20 
-0.0157738 -0.00147375 -0.0143 0 0.766 1 20 
-0.015405 0.00239495 -0.0178 0 0.776 1 20 
-0.0150485 -0.00154845 -0.0135 0 0.786 1 20 
-0.0147033 0.0192967 -0.034 0 0.796 1 20 
-0.0143688 0.0016312 -0.016 0 0.806 1 20 
-0.0140445 -0.00410449 -0.00994 0 0.816 1 20 
-0.0137298 -0.0152898 0.00156 0 0.826 1 20 
-0.0133941 0.0047059 -0.0181 0 0.837 1 20 
-0.013098 0.00760202 -0.0207 0 0.847 1 20 
-0.0128101 0.00458995 -0.0174 0 0.857 1 20 
-0.0125299 -0.00955992 -0.00297 0 0.867 1 20 
-0.0122572 -0.00366724 -0.00859 0 0.877 1 20 
-0.0119917 0.00490832 -0.0169 0 0.887 1 20 
-0.0117329 -0.00548294 -0.00625 0 0.897 1 20 
-0.0114807 -0.00128074 -0.0102 0 0.907 1 20 
-0.0112348 -0.0100048 -0.00123 0 0.917 1 20 
-0.0109949 0.00670506 -0.0177 0 0.927 1 20 
-0.0107609 0.00293912 -0.0137 0 0.937 1 20 
-0.0105324 0.00366759 -0.0142 0 0.947 1 20 
-0.0103094 0.0143906 -0.0247 0 0.957 1 20 
-0.0100915 -0.00321153 -0.00688 0 0.967 1 20 
-0.00987876 -0.00284876 -0.00703 0 0.977 1 20 
-0.00967087 -0.000280869 -0.00939 0 0.987 1 20 
-0.00946772 0.00213228 -0.0116 0 0.997 1 20 
-0.00921047 0.0139895 -0.0232 0 1.01 1 20 
-0.00901768 0.00408232 -0.0131 0 1.02 1 20 
-0.00882918 0.00327082 -0.0121 0 1.03 1 20 
-0.00864484 0.00795516 -0.0166 0 1.04 1 20 
-0.00846456 0.00150544 -0.00997 0 1.05 1 20 
-0.00828822 -0.00413822 -0.00415 0 1.06 1 20 
-0.00811571 -0.0189157 0.0108 0 1.07 1 20 
-0.00794695 -0.00182695 -0.00612 0 1.08 1 20 
-0.00778183 -0.00265183 -0.00513 0 1.09 1 20 
-0.00762025 0.000679747 -0.0083 0 1.1 1 20 
-0.00746214 0.0191379 -0.0266 0 1.11 1 20 
-0.0073074 0.000212597 -0.00752 0 1.12 1 20 
-0.00715596 -0.000645959 -0.00651 0 1.13 1 20 
-0.00700773 -0.0247077 0.0177 0 1.14 1 20 
-0.00686264 0.00188736 -0.00875 0 1.15 1 20 
-0.00672062 -0.00305062 -0.00367 0 1.16 1 20 
-0.00658159 0.000318407 -0.0069 0 1.17 1 20 
-0.00644549 0.0116545 -0.0181 0 1.18 1 20 
-0.00631225 -0.0114422 0.00513 0 1.19 1 20 
-0.0061818 -0.0075318 0.00135 0 1.2 1 20 
-0.00605408 -0.00791408 0.00186 0 1.21 1 20 
-0.00592903 0.00907097 -0.015 0 1.22 1 20 
-0.0058066 -0.0140266 0.00822 0 1.23 1 20 
-0.00568672 0.0140133 -0.0197 0 1.24 1 20 
-0.00556933 -0.00585633 0.000287 0 1.25 1 20 
-0.0054544 -0.0218544 0.0164 0 1.26 1 20 
-0.00534185 0.00995815 -0.0153 0 1.27 1 20 
-0.00523164 0.00566836 -0.0109 0 1.28 1 20 
-0.00512372 -0.000973718 -0.00415 0 1.29 1 20 
-0.00501804 0.00508196 -0.0101 0 1.3 1 20 
-0.00491455 0.0155855 -0.0205 0 1.31 1 20 
-0.0048132 -0.000653204 -0.00416 0 1.32 1 20 
-0.00471396 0.010686 -0.0154 0 1.33 1 20 
-0.00461677 -0.00469387 7.71e-005 0 1.34 1 20 
-0.00452159 0.00927841 -0.0138 0 1.35 1 20 
-0.00442839 -0.0154284 0.011 0 1.36 1 20 
-0.0043371 0.00786289 -0.0122 0 1.37 1 20 
-0.00424771 0.00327229 -0.00752 0 1.38 1 20 
-0.00416017 -0.00808017 0.00392 0 1.39 1 20 
-0.00407443 0.0123256 -0.0164 0 1.4 1 20 
-0.00399046 -0.00222046 -0.00177 0 1.41 1 20 
-0.00390823 -0.0130082 0.0091 0 1.42 1 20 
-0.0038277 0.0161723 -0.02 0 1.43 1 20 
-0.00374882 -0.00177882 -0.00197 0 1.44 1 20 
-0.00367158 -0.00253158 -0.00114 0 1.45 1 20 
-0.00359593 -0.00775593 0.00416 0 1.46 1 20 
-0.00352184 0.0124782 -0.016 0 1.47 1 20 
-0.00344928 0.0132507 -0.0167 0 1.48 1 20 
-0.00337822 -0.00514822 0.00177 0 1.49 1 20 
-0.00330862 -0.00289962 -0.000409 0 1.5 1 20 
-0.00324046 -0.00243346 -0.000807 0 1.51 1 20 
-0.0031737 -0.0033917 0.000218 0 1.52 1 20 
-0.00310832 0.00687168 -0.00998 0 1.53 1 20 
-0.00304428 -0.00224828 -0.000796 0 1.54 1 20 
-0.00298157 -0.00285557 -0.000126 0 1.55 1 20 
-0.00292015 0.00717985 -0.0101 0 1.56 1 20 
-0.00286 -0.01856 0.0157 0 1.57 1 20 
-0.00280108 -0.00466108 0.00186 0 1.58 1 20 
-0.00274338 0.0119566 -0.0147 0 1.59 1 20 
-0.00268687 -0.00648687 0.0038 0 1.6 1 20 
-0.00263152 0.00986848 -0.0125 0 1.61 1 20 
-0.00257732 -0.00778732 0.00521 0 1.62 1 20 
-0.00252423 -0.0115042 0.00898 0 1.63 1 20 
-0.00247223 0.00832777 -0.0108 0 1.64 1 20 
-0.00242131 -0.00955131 0.00713 0 1.65 1 20 
-0.00237143 -0.00405143 0.00168 0 1.66 1 20 
-0.00232258 -0.00814258 0.00582 0 1.67 1 20 
-0.00227474 -0.0188747 0.0166 0 1.68 1 20 
-0.00222789 0.00253211 -0.00476 0 1.69 1 20 
-0.002182 0.007618 -0.0098 0 1.7 1 20 
-0.00213705 0.00896295 -0.0111 0 1.71 1 20 
-0.00209303 0.00820697 -0.0103 0 1.72 1 20 
-0.00204992 0.000850078 -0.0029 0 1.73 1 20 
-0.0020077 -0.0033277 0.00132 0 1.74 1 20 
-0.00196634 -0.00268734 0.000721 0 1.75 1 20 
-0.00192584 -0.00819584 0.00627 0 1.76 1 20 
-0.00188617 -4.61742e-005 -0.00184 0 1.77 1 20 
-0.00184732 -0.0144473 0.0126 0 1.78 1 20 
-0.00180927 0.00273073 -0.00454 0 1.79 1 20 
-0.00177201 -0.027172 0.0254 0 1.8 1 20 
-0.00173551 -0.00617551 0.00444 0 1.81 1 20 
-0.00169976 0.00860024 -0.0103 0 1.82 1 20 
-0.00166475 0.0108353 -0.0125 0 1.83 1 20 
-0.00163046 -0.00475046 0.00312 0 1.84 1 20 
-0.00159688 0.00231312 -0.00391 0 1.85 1 20 
-0.00156399 -0.00706399 0.0055 0 1.86 1 20 
-0.00153177 -0.00465177 0.00312 0 1.87 1 20 
-0.00150022 0.000799779 -0.0023 0 1.88 1 20 
-0.00146932 0.00853068 -0.01 0 1.89 1 20 
-0.00143906 0.0152609 -0.0167 0 1.9 1 20 
-0.00140942 0.00454058 -0.00595 0 1.91 1 20 
-0.00138039 -0.00849039 0.00711 0 1.92 1 20 
-0.00135195 -0.00206695 0.000715 0 1.93 1 20 
-0.00132411 0.0125759 -0.0139 0 1.94 1 20 
-0.00129683 -0.00165883 0.000362 0 1.95 1 20 
-0.00127012 -0.00378012 0.00251 0 1.96 1 20 
-0.00124396 0.00895604 -0.0102 0 1.97 1 20 
-0.00121834 -0.00146534 0.000247 0 1.98 1 20 
-0.00119325 -0.000511245 -0.000682 0 1.99 1 20 
-0.00116867 0.0115313 -0.0127 0 2 1 20 
-0.0980916 -0.00249159 -0.0956 0 0.004 2 32 
-0.130818 -0.00381804 -0.127 0 0.014 2 32 
-0.160283 -0.00828295 -0.152 0 0.0241 2 32 
-0.186267 -0.00726673 -0.179 0 0.0341 2 32 
-0.209401 0.0185989 -0.228 0 0.0441 2 32 
-0.230166 0.0148342 -0.245 0 0.0542 2 32 
-0.248399 0.000601458 -0.249 0 0.0642 2 32 
-0.264517 0.00148309 -0.266 0 0.0742 2 32 
-0.278665 0.00233458 -0.281 0 0.0842 2 32 
-0.29104 -0.0310399 -0.26 0 0.0943 2 32 
-0.301132 0.002868 -0.304 0 0.104 2 32 
-0.309667 -0.00366651 -0.306 0 0.114 2 32 
-0.316235 -0.00223484 -0.314 0 0.124 2 32 
-0.320754 0.000245998 -0.321 0 0.134 2 32 
-0.32315 0.00884977 -0.332 0 0.144 2 32 
-0.323381 -0.00338074 -0.32 0 0.154 2 32 
-0.32145 0.0105498 -0.332 0 0.164 2 32 
-0.316905 0.0040946 -0.321 0 0.175 2 32 
-0.310706 0.00529411 -0.316 0 0.185 2 32 
-0.30272 -0.000720395 -0.302 0 0.195 2 32 
-0.293171 -0.0241707 -0.269 0 0.205 2 32 
-0.282309 0.0176909 -0.3 0 0.215 2 32 
-0.270404 -0.008404 -0.262 0 0.225 2 32 
-0.257727 0.0142732 -0.272 0 0.235 2 32 
-0.24454 0.00245991 -0.247 0 0.245 2 32 
-0.231088 -0.0130882 -0.218 0 0.255 2 32 
-0.21759 -0.00259028 -0.215 0 0.265 2 32 
-0.204236 0.00876375 -0.213 0 0.275 2 32 
-0.191185 0.00581524 -0.197 0 0.285 2 32 
-0.178563 -0.00756312 -0.171 0 0.295 2 32 
-0.166469 0.00653117 -0.173 0 0.305 2 32 
-0.154972 -0.00297211 -0.152 0 0.315 2 32 
-0.144119 -0.00111896 -0.143 0 0.325 2 32 
-0.133935 0.00606534 -0.14 0 0.335 2 32 
-0.124427 -0.0214273 -0.103 0 0.345 2 32 
-0.115591 -0.00659114 -0.109 0 0.355 2 32 
-0.10741 0.0195905 -0.127 0 0.365 2 32 
-0.0998579 -0.00225787 -0.0976 0 0.375 2 32 
-0.0929059 0.00629413 -0.0992 0 0.385 2 32 
-0.0865195 -0.00891945 -0.0776 0 0.395 2 32 
-0.0806625 0.00753749 -0.0882 0 0.405 2 32 
-0.075298 0.000701988 -0.076 0 0.415 2 32 
-0.0703891 -0.00558908 -0.0648 0 0.425 2 32 
-0.0658998 -0.00919976 -0.0567 0 0.435 2 32 
-0.0617954 0.0114046 -0.0732 0 0.445 2 32 
-0.0580433 0.00265672 -0.0607 0 0.455 2 32 
-0.0546124 0.00408757 -0.0587 0 0.465 2 32 
-0.0514741 0.00582589 -0.0573 0 0.475 2 32 
-0.0486017 -0.0184017 -0.0302 0 0.485 2 32 
-0.0459706 -0.00487055 -0.0411 0 0.495 2 32 
-0.0433283 0.0119717 -0.0553 0 0.506 2 32 
-0.0411331 -0.00983305 -0.0313 0 0.516 2 32 
-0.0391156 -0.0219156 -0.0172 0 0.526 2 32 
-0.0372591 -0.0110591 -0.0262 0 0.536 2 32 
-0.0355482 0.0144518 -0.05 0 0.546 2 32 
-0.0339692 0.00413084 -0.0381 0 0.556 2 32 
-0.0325095 -0.0134095 -0.0191 0 0.566 2 32 
-0.0311579 0.00634211 -0.0375 0 0.576 2 32 
-0.0299042 -0.00520419 -0.0247 0 0.586 2 32 
-0.0287392 -0.00843923 -0.0203 0 0.596 2 32 
-0.0276547 0.00854527 -0.0362 0 0.606 2 32 
-0.0266433 -0.000143272 -0.0265 0 0.616 2 32 
-0.0256981 0.0317019 -0.0574 0 0.626 2 32 
-0.0248133 0.00958673 -0.0344 0 0.636 2 32 
-0.0239833 0.00181675 -0.0258 0 0.646 2 32 
-0.0232032 0.0117968 -0.035 0 0.656 2 32 
-0.0224687 -0.0169687 -0.0055 0 0.666 2 32 
-0.0217757 0.0137243 -0.0355 0 0.676 2 32 
-0.0211208 0.00377923 -0.0249 0 0.686 2 32 
-0.0205006 -0.00190058 -0.0186 0 0.696 2 32 
-0.0199122 -0.0149822 -0.00493 0 0.706 2 32 
-0.0193531 0.0138469 -0.0332 0 0.716 2 32 
-0.0188209 -0.0121609 -0.00666 0 0.726 2 32 
-0.0183134 -0.000613422 -0.0177 0 0.736 2 32 
-0.0178287 0.00937127 -0.0272 0 0.746 2 32 
-0.0173651 -0.00506511 -0.0123 0 0.756 2 32 
-0.016921 -0.00242097 -0.0145 0 0.766 2 32 
-0.0164949 0.00560512 -0.0221 0 0.776 2 32 
-0.0160856 -0.00108558 -0.015 0 0.786 2 32 
-0.0156919 0.00340813 -0.0191 0 0.796 2 32 
-0.0153127 -0.0015127 -0.0138 0 0.806 2 32 
-0.0149471 -0.00698711 -0.00796 0 0.816 2 32 
-0.0145942 -0.0162042 0.00161 0 0.826 2 32 
-0.0142198 0.0120802 -0.0263 0 0.837 2 32 
-0.0138911 -0.0216111 0.00772 0 0.847 2 32 
-0.0135728 0.0192272 -0.0328 0 0.857 2 32 
-0.0132644 0.00123556 -0.0145 0 0.867 2 32 
-0.0129654 -0.00611538 -0.00685 0 0.877 2 32 
-0.0126752 -0.00303515 -0.00964 0 0.887 2 32 
-0.0123933 0.00600672 -0.0184 0 0.897 2 32 
-0.0121194 0.00188063 -0.014 0 0.907 2 32 
-0.011853 0.00474698 -0.0166 0 0.917 2 32 
-0.0115939 0.00570613 -0.0173 0 0.927 2 32 
-0.0113416 -0.00865162 -0.00269 0 0.937 2 32 
-0.0110959 -0.00371594 -0.00738 0 0.947 2 32 
-0.0108566 0.00674343 -0.0176 0 0.957 2 32 
-0.0106232 -0.00912325 -0.0015 0 0.967 2 32 
-0.0103957 -0.00318573 -0.00721 0 0.977 2 32 
-0.0101738 -0.0082338 -0.00194 0 0.987 2 32 
-0.00995724 -0.00639724 -0.00356 0 0.997 2 32 
-0.00968344 0.00821656 -0.0179 0 1.01 2 32 
-0.00947853 0.00562147 -0.0151 0 1.02 2 32 
-0.00927841 -0.00748841 -0.00179 0 1.03 2 32 
-0.00908291 -0.00611291 -0.00297 0 1.04 2 32 
-0.00889189 0.000208108 -0.0091 0 1.05 2 32 
-0.00870521 -0.00116521 -0.00754 0 1.06 2 32 
-0.00852274 -0.0127627 0.00424 0 1.07 2 32 
-0.00834436 0.00595564 -0.0143 0 1.08 2 32 
-0.00816994 -0.00543994 -0.00273 0 1.09 2 32 
-0.00799938 0.00210062 -0.0101 0 1.1 2 32 
-0.00783257 0.00216743 -0.01 0 1.11 2 32 
-0.0076694 -0.0109494 0.00328 0 1.12 2 32 
-0.00750978 -0.00820778 0.000698 0 1.13 2 32 
-0.00735362 -0.00808362 0.00073 0 1.14 2 32 
-0.00720084 -0.0130008 0.0058 0 1.15 2 32 
-0.00705133 -0.000151329 -0.0069 0 1.16 2 32 
-0.00690502 -0.00675602 -0.000149 0 1.17 2 32 
-0.00676184 0.00316816 -0.00993 0 1.18 2 32 
-0.00662171 -0.00317171 -0.00345 0 1.19 2 32 
-0.00648455 0.00137545 -0.00786 0 1.2 2 32 
-0.0063503 -0.000890298 -0.00546 0 1.21 2 32 
-0.00621888 -0.00587088 -0.000348 0 1.22 2 32 
-0.00609023 0.00830977 -0.0144 0 1.23 2 32 
-0.00596429 -0.0208643 0.0149 0 1.24 2 32 
-0.005841 0.010159 -0.016 0 1.25 2 32 
-0.00572029 0.0122797 -0.018 0 1.26 2 32 
-0.00560211 -0.0114821 0.00588 0 1.27 2 32 
-0.0054864 -0.0078164 0.00233 0 1.28 2 32 
-0.00537311 -0.00614211 0.000769 0 1.29 2 32 
-0.00526218 -0.00618318 0.000921 0 1.3 2 32 
-0.00515356 0.000226442 -0.00538 0 1.31 2 32 
-0.0050472 0.0090528 -0.0141 0 1.32 2 32 
-0.00494305 -0.000653055 -0.00429 0 1.33 2 32 
-0.00484107 0.00685893 -0.0117 0 1.34 2 32 
-0.00474121 -0.00964121 0.0049 0 1.35 2 32 
-0.00464342 0.00157658 -0.00622 0 1.36 2 32 
-0.00454766 0.00835234 -0.0129 0 1.37 2 32 
-0.00445388 0.00332612 -0.00778 0 1.38 2 32 
-0.00436205 -0.00401605 -0.000346 0 1.39 2 32 
-0.00427211 0.00572789 -0.01 0 1.4 2 32 
-0.00418404 0.00831596 -0.0125 0 1.41 2 32 
-0.00409779 -0.00231779 -0.00178 0 1.42 2 32 
-0.00401333 -0.00233333 -0.00168 0 1.43 2 32 
-0.00393061 0.00518939 -0.00912 0 1.44 2 32 
-0.0038496 0.0048304 -0.00868 0 1.45 2 32 
-0.00377026 -0.00220026 -0.00157 0 1.46 2 32 
-0.00369256 0.0146074 -0.0183 0 1.47 2 32 
-0.00361647 0.0141835 -0.0178 0 1.48 2 32 
-0.00354195 0.00725805 -0.0108 0 1.49 2 32 
-0.00346896 0.00225104 -0.00572 0 1.5 2 32 
-0.00339749 -0.00298849 -0.000409 0 1.51 2 32 
-0.00332748 -0.0146275 0.0113 0 1.52 2 32 
-0.00325893 -0.00845893 0.0052 0 1.53 2 32 
-0.00319178 0.00171822 -0.00491 0 1.54 2 32 
-0.00312602 0.000313976 -0.00344 0 1.55 2 32 
-0.00306162 0.0101384 -0.0132 0 1.56 2 32 
-0.00299855 0.000301454 -0.0033 0 1.57 2 32 
-0.00293677 0.00300323 -0.00594 0 1.58 2 32 
-0.00287627 -0.00310727 0.000231 0 1.59 2 32 
-0.00281702 0.00838298 -0.0112 0 1.6 2 32 
-0.00275899 -0.00507899 0.00232 0 1.61 2 32 
-0.00270215 -0.0152022 0.0125 0 1.62 2 32 
-0.00264649 0.00120351 -0.00385 0 1.63 2 32 
-0.00259197 -0.00390197 0.00131 0 1.64 2 32 
-0.00253858 -0.00678858 0.00425 0 1.65 2 32 
-0.00248629 0.00413371 -0.00662 0 1.66 2 32 
-0.00243507 -0.00212407 -0.000311 0 1.67 2 32 
-0.00238491 -4.91177e-006 -0.00238 0 1.68 2 32 
-0.00233579 -0.000865785 -0.00147 0 1.69 2 32 
-0.00228767 0.00781233 -0.0101 0 1.7 2 32 
-0.00224055 -0.000130549 -0.00211 0 1.71 2 32 
-0.0021944 -0.0048644 0.00267 0 1.72 2 32 
-0.0021492 -0.0143492 0.0122 0 1.73 2 32 
-0.00210493 -0.00948493 0.00738 0 1.74 2 32 
-0.00206157 -0.0214616 0.0194 0 1.75 2 32 
-0.00201911 0.00778089 -0.0098 0 1.76 2 32 
-0.00197752 -0.00861752 0.00664 0 1.77 2 32 
-0.00193678 -0.00172378 -0.000213 0 1.78 2 32 
-0.00189689 -0.0217969 0.0199 0 1.79 2 32 
-0.00185782 0.00814218 -0.01 0 1.8 2 32 
-0.00181955 0.00848045 -0.0103 0 1.81 2 32 
-0.00178207 0.00609793 -0.00788 0 1.82 2 32 
-0.00174537 0.0213546 -0.0231 0 1.83 2 32 
-0.00170942 0.00536058 -0.00707 0 1.84 2 32 
-0.00167421 0.00769579 -0.00937 0 1.85 2 32 
-0.00163972 -0.00140072 -0.000239 0 1.86 2 32 
-0.00160595 -0.00331595 0.00171 0 1.87 2 32 
-0.00157287 -0.0186729 0.0171 0 1.88 2 32 
-0.00154047 -0.00940047 0.00786 0 1.89 2 32 
-0.00150874 0.00587126 -0.00738 0 1.9 2 32 
-0.00147767 0.00912233 -0.0106 0 1.91 2 32 
-0.00144723 -0.00481723 0.00337 0 1.92 2 32 
-0.00141742 0.0132826 -0.0147 0 1.93 2 32 
-0.00138823 -0.0181882 0.0168 0 1.94 2 32 
-0.00135963 -0.0116596 0.0103 0 1.95 2 32 
-0.00133163 0.00478837 -0.00612 0 1.96 2 32 
-0.0013042 0.0171958 -0.0185 0 1.97 2 32 
-0.00127734 -0.0134773 0.0122 0 1.98 2 32 
-0.00125103 0.00123897 -0.00249 0 1.99 2 32 
-0.00122526 -0.0123253 0.0111 0 2 2 32 
-0.0744867 0.0153133 -0.0898 0 0.004 3 44 
-0.0993378 0.00566225 -0.105 0 0.014 3 44 
-0.121712 -0.000712167 -0.121 0 0.0241 3 44 
-0.141443 -0.000443229 -0.141 0 0.0341 3 44 
-0.159011 0.00498878 -0.164 0 0.0441 3 44 
-0.174784 -0.00578385 -0.169 0 0.0542 3 44 
-0.188648 0.0113518 -0.2 0 0.0642 3 44 
-0.200947 0.00305299 -0.204 0 0.0742 3 44 
-0.211839 0.0011613 -0.213 0 0.0842 3 44 
-0.221554 -0.00255421 -0.219 0 0.0943 3 44 
-0.229787 -0.00378655 -0.226 0 0.104 3 44 
-0.237249 0.0157506 -0.253 0 0.114 3 44 
-0.243757 0.0202433 -0.264 0 0.124 3 44 
-0.249372 -0.00737211 -0.242 0 0.134 3 44 
-0.254137 0.00186337 -0.256 0 0.144 3 44 
-0.258068 0.0129318 -0.271 0 0.154 3 44 
-0.261163 -0.0101631 -0.251 0 0.164 3 44 
-0.263575 0.00442534 -0.268 0 0.175 3 44 
-0.264826 -0.00682609 -0.258 0 0.185 3 44 
-0.265138 0.00386173 -0.269 0 0.195 3 44 
-0.264471 -0.0164708 -0.248 0 0.205 3 44 
-0.262792 -0.0147917 -0.248 0 0.215 3 44 
-0.260084 0.0049163 -0.265 0 0.225 3 44 
-0.256349 -0.00834901 -0.248 0 0.235 3 44 
-0.251612 -0.00561222 -0.246 0 0.245 3 44 
-0.245921 -0.0139213 -0.232 0 0.255 3 44 
-0.239346 0.00865367 -0.248 0 0.265 3 44 
-0.231977 -0.00897745 -0.223 0 0.275 3 44 
-0.223921 -0.0129208 -0.211 0 0.285 3 44 
-0.215294 0.0147063 -0.23 0 0.295 3 44 
-0.206221 0.00877939 -0.215 0 0.305 3 44 
-0.196827 0.0171726 -0.214 0 0.315 3 44 
-0.187238 -0.000237692 -0.187 0 0.325 3 44 
-0.177569 -0.0105686 -0.167 0 0.335 3 44 
-0.167928 -0.017928 -0.15 0 0.345 3 44 
-0.158412 -0.00341231 -0.155 0 0.355 3 44 
-0.149105 -0.0191051 -0.13 0 0.365 3 44 
-0.140076 0.0109237 -0.151 0 0.375 3 44 
-0.131382 0.0146176 -0.146 0 0.385 3 44 
-0.123067 -0.00206683 -0.121 0 0.395 3 44 
-0.115161 -0.00616077 -0.109 0 0.405 3 44 
-0.107684 -0.00168445 -0.106 0 0.415 3 44 
-0.100648 0.0193516 -0.12 0 0.425 3 44 
-0.0940548 -0.000554833 -0.0935 0 0.435 3 44 
-0.0878991 0.0117009 -0.0996 0 0.445 3 44 
-0.0821709 -0.00797094 -0.0742 0 0.455 3 44 
-0.0768557 -0.00485571 -0.072 0 0.465 3 44 
-0.0719355 0.00826447 -0.0802 0 0.475 3 44 
-0.0673902 0.00410978 -0.0715 0 0.485 3 44 
-0.0631982 0.00960181 -0.0728 0 0.495 3 44 
-0.0589683 3.17399e-005 -0.059 0 0.506 3 44 
-0.055445 -0.010245 -0.0452 0 0.516 3 44 
-0.0522054 0.0091946 -0.0614 0 0.526 3 44 
-0.0492279 -0.00572787 -0.0435 0 0.536 3 44 
-0.0464915 0.00460849 -0.0511 0 0.546 3 44 
-0.0439765 0.00722347 -0.0512 0 0.556 3 44 
-0.0416643 0.000335749 -0.042 0 0.566 3 44 
-0.0395372 0.0096628 -0.0492 0 0.576 3 44 
-0.0375791 0.00482088 -0.0424 0 0.586 3 44 
-0.035775 0.011225 -0.047 0 0.596 3 44 
-0.034111 -0.020411 -0.0137 0 0.606 3 44 
-0.0325744 -0.00107442 -0.0315 0 0.616 3 44 
-0.0311536 0.00624637 -0.0374 0 0.626 3 44 
-0.029838 -0.00293803 -0.0269 0 0.636 3 44 
-0.028618 0.000382033 -0.029 0 0.646 3 44 
-0.0274847 0.0014153 -0.0289 0 0.656 3 44 
-0.0264303 -0.00693027 -0.0195 0 0.666 3 44 
-0.0254475 -0.00834748 -0.0171 0 0.676 3 44 
-0.0245298 0.00457018 -0.0291 0 0.686 3 44 
-0.0236714 0.00502859 -0.0287 0 0.696 3 44 
-0.0228669 0.00203309 -0.0249 0 0.706 3 44 
-0.0221115 0.0222885 -0.0444 0 0.716 3 44 
-0.0214009 0.0144991 -0.0359 0 0.726 3 44 
-0.0207312 -0.0143212 -0.00641 0 0.736 3 44 
-0.0200989 -0.0170789 -0.00302 0 0.746 3 44 
-0.0195007 0.00189934 -0.0214 0 0.756 3 44 
-0.0189337 -0.00633374 -0.0126 0 0.766 3 44 
-0.0183955 -0.00369551 -0.0147 0 0.776 3 44 
-0.0178836 -0.0313836 0.0135 0 0.786 3 44 
-0.017396 -0.011736 -0.00566 0 0.796 3 44 
-0.0169307 0.000769281 -0.0177 0 0.806 3 44 
-0.016486 0.00901397 -0.0255 0 0.816 3 44 
-0.0160604 0.0155396 -0.0316 0 0.826 3 44 
-0.0156125 -0.00241251 -0.0132 0 0.837 3 44 
-0.0152224 0.00717756 -0.0224 0 0.847 3 44 
-0.0148475 0.0138525 -0.0287 0 0.857 3 44 
-0.0144865 0.00611346 -0.0206 0 0.867 3 44 
-0.0141387 0.0104613 -0.0246 0 0.877 3 44 
-0.0138032 -0.0172132 0.00341 0 0.887 3 44 
-0.0134791 -0.00914911 -0.00433 0 0.897 3 44 
-0.0131658 -0.000265818 -0.0129 0 0.907 3 44 
-0.0128627 -0.0151027 0.00224 0 0.917 3 44 
-0.012569 -0.00106903 -0.0115 0 0.927 3 44 
-0.0122844 0.00831559 -0.0206 0 0.937 3 44 
-0.0120083 -0.0154883 0.00348 0 0.947 3 44 
-0.0117403 -0.00563027 -0.00611 0 0.957 3 44 
-0.0114799 0.0101201 -0.0216 0 0.967 3 44 
-0.0112268 0.00167322 -0.0129 0 0.977 3 44 
-0.0109806 0.0085194 -0.0195 0 0.987 3 44 
-0.010741 0.013659 -0.0244 0 0.997 3 44 
-0.010439 -0.009379 -0.00106 0 1.01 3 44 
-0.0102136 -0.0191936 0.00898 0 1.02 3 44 
-0.00999383 0.0139062 -0.0239 0 1.03 3 44 
-0.00977959 -0.00571959 -0.00406 0 1.04 3 44 
-0.00957063 0.00642937 -0.016 0 1.05 3 44 
-0.00936676 0.00483324 -0.0142 0 1.06 3 44 
-0.00916777 0.00583223 -0.015 0 1.07 3 44 
-0.00897351 0.00862649 -0.0176 0 1.08 3 44 
-0.00878381 -0.00053381 -0.00825 0 1.09 3 44 
-0.00859852 0.00830148 -0.0169 0 1.1 3 44 
-0.0084175 -0.0027375 -0.00568 0 1.11 3 44 
-0.00824061 0.000479395 -0.00872 0 1.12 3 44 
-0.00806772 0.00233228 -0.0104 0 1.13 3 44 
-0.00789872 0.00910128 -0.017 0 1.14 3 44 
-0.00773349 0.00576651 -0.0135 0 1.15 3 44 
-0.00757193 -0.00755513 -1.68e-005 0 1.16 3 44 
-0.00741393 -0.00500393 -0.00241 0 1.17 3 44 
-0.0072594 0.00974061 -0.017 0 1.18 3 44 
-0.00710823 -0.00097823 -0.00613 0 1.19 3 44 
-0.00696035 -0.00749435 0.000534 0 1.2 3 44 
-0.00681567 0.0166843 -0.0235 0 1.21 3 44 
-0.0066741 -0.0054041 -0.00127 0 1.22 3 44 
-0.00653557 0.00666443 -0.0132 0 1.23 3 44 
-0.0064 -0.005669 -0.000731 0 1.24 3 44 
-0.00626733 0.00763267 -0.0139 0 1.25 3 44 
-0.00613747 0.0180625 -0.0242 0 1.26 3 44 
-0.00601037 0.0162896 -0.0223 0 1.27 3 44 
-0.00588596 -0.000425955 -0.00546 0 1.28 3 44 
-0.00576417 -0.00254417 -0.00322 0 1.29 3 44 
-0.00564495 0.00905505 -0.0147 0 1.3 3 44 
-0.00552823 -0.00632423 0.000796 0 1.31 3 44 
-0.00541397 0.016686 -0.0221 0 1.32 3 44 
-0.0053021 0.000727904 -0.00603 0 1.33 3 44 
-0.00519257 0.0122074 -0.0174 0 1.34 3 44 
-0.00508533 0.00661467 -0.0117 0 1.35 3 44 
-0.00498033 -0.000400326 -0.00458 0 1.36 3 44 
-0.00487751 0.00872249 -0.0136 0 1.37 3 44 
-0.00477684 0.00392316 -0.0087 0 1.38 3 44 
-0.00467827 -0.00997827 0.0053 0 1.39 3 44 
-0.00458174 0.00581826 -0.0104 0 1.4 3 44 
-0.00448722 -0.00827722 0.00379 0 1.41 3 44 
-0.00439466 0.0114053 -0.0158 0 1.42 3 44 
-0.00430402 -0.00521102 0.000907 0 1.43 3 44 
-0.00421526 -0.0143153 0.0101 0 1.44 3 44 
-0.00412834 0.0247717 -0.0289 0 1.45 3 44 
-0.00404323 0.00805677 -0.0121 0 1.46 3 44 
-0.00395987 -0.00567987 0.00172 0 1.47 3 44 
-0.00387824 0.00212176 -0.006 0 1.48 3 44 
-0.00379829 -0.00361629 -0.000182 0 1.49 3 44 
-0.00372 0.00614 -0.00986 0 1.5 3 44 
-0.00364333 -0.000773331 -0.00287 0 1.51 3 44 
-0.00356824 0.00165176 -0.00522 0 1.52 3 44 
-0.00349471 -0.0115847 0.00809 0 1.53 3 44 
-0.00342269 -0.00244569 -0.000977 0 1.54 3 44 
-0.00335216 -0.00327696 -7.52e-005 0 1.55 3 44 
-0.00328309 0.00421691 -0.0075 0 1.56 3 44 
-0.00321544 0.00497456 -0.00819 0 1.57 3 44 
-0.00314918 0.00443082 -0.00758 0 1.58 3 44 
-0.0030843 -0.0038433 0.000759 0 1.59 3 44 
-0.00302075 0.00430925 -0.00733 0 1.6 3 44 
-0.00295852 -0.00279652 -0.000162 0 1.61 3 44 
-0.00289756 -0.0206976 0.0178 0 1.62 3 44 
-0.00283787 -0.00860787 0.00577 0 1.63 3 44 
-0.0027794 0.0033606 -0.00614 0 1.64 3 44 
-0.00272214 -0.0119121 0.00919 0 1.65 3 44 
-0.00266607 0.00418393 -0.00685 0 1.66 3 44 
-0.00261114 0.0204889 -0.0231 0 1.67 3 44 
-0.00255735 0.0101426 -0.0127 0 1.68 3 44 
-0.00250467 0.0187953 -0.0213 0 1.69 3 44 
-0.00245308 0.00361692 -0.00607 0 1.7 3 44 
-0.00240254 -8.25448e-005 -0.00232 0 1.71 3 44 
-0.00235305 -0.0166531 0.0143 0 1.72 3 44 
-0.00230458 -0.00316858 0.000864 0 1.73 3 44 
-0.00225711 0.00229289 -0.00455 0 1.74 3 44 
-0.00221062 -0.00819062 0.00598 0 1.75 3 44 
-0.00216508 0.0222349 -0.0244 0 1.76 3 44 
-0.00212048 -0.00225748 0.000137 0 1.77 3 44 
-0.00207681 -0.00760681 0.00553 0 1.78 3 44 
-0.00203403 0.014866 -0.0169 0 1.79 3 44 
-0.00199213 -0.0113421 0.00935 0 1.8 3 44 
-0.0019511 -0.0032911 0.00134 0 1.81 3 44 
-0.00191091 0.00424909 -0.00616 0 1.82 3 44 
-0.00187155 -0.00623155 0.00436 0 1.83 3 44 
-0.001833 -0.022633 0.0208 0 1.84 3 44 
-0.00179524 -0.00172344 -7.18e-005 0 1.85 3 44 
-0.00175826 -0.00238726 0.000629 0 1.86 3 44 
-0.00172205 0.00468795 -0.00641 0 1.87 3 44 
-0.00168658 0.00861342 -0.0103 0 1.88 3 44 
-0.00165184 -0.00821184 0.00656 0 1.89 3 44 
-0.00161781 0.00868219 -0.0103 0 1.9 3 44 
-0.00158449 -0.000624489 -0.00096 0 1.91 3 44 
-0.00155185 0.00486815 -0.00642 0 1.92 3 44 
-0.00151989 -0.00469989 0.00318 0 1.93 3 44 
-0.00148858 -0.00324858 0.00176 0 1.94 3 44 
-0.00145792 -0.0102879 0.00883 0 1.95 3 44 
-0.00142789 0.00519211 -0.00662 0 1.96 3 44 
-0.00139848 0.00278152 -0.00418 0 1.97 3 44 
-0.00136968 0.00983032 -0.0112 0 1.98 3 44 
-0.00134146 0.00452854 -0.00587 0 1.99 3 44 
-0.00131383 -0.00368383 0.00237 0 2 3 44 
-0.0601204 -0.0089204 -0.0512 0 0.004 4 56 
-0.0801785 0.00772154 -0.0879 0 0.014 4 56 
-0.0982375 -0.0104375 -0.0878 0 0.0241 4 56 
-0.114163 -0.015263 -0.0989 0 0.0341 4 56 
-0.128343 -0.0053427 -0.123 0 0.0441 4 56 
-0.141073 -0.0200733 -0.121 0 0.0542 4 56 
-0.152264 0.00673635 -0.159 0 0.0642 4 56 
-0.162191 0.0118093 -0.174 0 0.0742 4 56 
-0.170983 0.0170172 -0.188 0 0.0842 4 56 
-0.178828 -0.0148284 -0.164 0 0.0943 4 56 
-0.185483 -0.00648335 -0.179 0 0.104 4 56 
-0.191532 0.00146765 -0.193 0 0.114 4 56 
-0.19684 -0.000839587 -0.196 0 0.124 4 56 
-0.201479 0.0135208 -0.215 0 0.134 4 56 
-0.205517 -0.0215169 -0.184 0 0.144 4 56 
-0.20901 0.00199007 -0.211 0 0.154 4 56 
-0.212007 0.00299308 -0.215 0 0.164 4 56 
-0.214778 -0.00377804 -0.211 0 0.175 4 56 
-0.216852 -0.000852014 -0.216 0 0.185 4 56 
-0.218523 0.00247738 -0.221 0 0.195 4 56 
-0.2198 0.0132005 -0.233 0 0.205 4 56 
-0.220683 0.000317453 -0.221 0 0.215 4 56 
-0.221162 -0.0131623 -0.208 0 0.225 4 56 
-0.221222 -0.00822168 -0.213 0 0.235 4 56 
-0.220837 -0.0108375 -0.21 0 0.245 4 56 
-0.219983 0.010017 -0.23 0 0.255 4 56 
-0.218631 0.0143692 -0.233 0 0.265 4 56 
-0.216756 0.00524431 -0.222 0 0.275 4 56 
-0.214337 0.00266283 -0.217 0 0.285 4 56 
-0.211362 -0.00836226 -0.203 0 0.295 4 56 
-0.207827 0.0181726 -0.226 0 0.305 4 56 
-0.20374 -0.0147398 -0.189 0 0.315 4 56 
-0.199118 0.00188199 -0.201 0 0.325 4 56 
-0.193992 0.00400798 -0.198 0 0.335 4 56 
-0.188402 0.00859761 -0.197 0 0.345 4 56 
-0.182399 0.014601 -0.197 0 0.355 4 56 
-0.17604 -0.0110395 -0.165 0 0.365 4 56 
-0.169387 -0.00338708 -0.166 0 0.375 4 56 
-0.162508 0.00949168 -0.172 0 0.385 4 56 
-0.155471 0.00952868 -0.165 0 0.395 4 56 
-0.148343 -0.000343462 -0.148 0 0.405 4 56 
-0.14119 -0.0201896 -0.121 0 0.415 4 56 
-0.134071 -0.00107066 -0.133 0 0.425 4 56 
-0.127042 0.0119577 -0.139 0 0.435 4 56 
-0.120154 -0.00115411 -0.119 0 0.445 4 56 
-0.113449 -0.000448973 -0.113 0 0.455 4 56 
-0.106963 0.0240371 -0.131 0 0.465 4 56 
-0.100725 -0.00222498 -0.0985 0 0.475 4 56 
-0.0947575 -0.000357527 -0.0944 0 0.485 4 56 
-0.0890766 -0.00937664 -0.0797 0 0.495 4 56 
-0.0831707 -0.0202707 -0.0629 0 0.506 4 56 
-0.0781188 -0.0129188 -0.0652 0 0.516 4 56 
-0.0733691 0.00113089 -0.0745 0 0.526 4 56 
-0.068918 0.00968198 -0.0786 0 0.536 4 56 
-0.0647587 -0.0270587 -0.0377 0 0.546 4 56 
-0.0608818 -0.00188177 -0.059 0 0.556 4 56 
-0.057276 -0.00127599 -0.056 0 0.566 4 56 
-0.0539286 -0.000928619 -0.053 0 0.576 4 56 
-0.050826 -0.00302595 -0.0478 0 0.586 4 56 
-0.0479538 0.000446247 -0.0484 0 0.596 4 56 
-0.0452975 0.00470252 -0.05 0 0.606 4 56 
-0.0428426 0.00455738 -0.0474 0 0.616 4 56 
-0.0405749 -0.000574937 -0.04 0 0.626 4 56 
-0.0384806 0.00451942 -0.043 0 0.636 4 56 
-0.0365462 0.00625377 -0.0428 0 0.646 4 56 
-0.0347593 -0.00195928 -0.0328 0 0.656 4 56 
-0.0331077 0.00169227 -0.0348 0 0.666 4 56 
-0.0315804 -0.0158804 -0.0157 0 0.676 4 56 
-0.0301667 0.0257333 -0.0559 0 0.686 4 56 
-0.028857 -0.011757 -0.0171 0 0.696 4 56 
-0.0276423 -0.0132423 -0.0144 0 0.706 4 56 
-0.0265142 0.0199858 -0.0465 0 0.716 4 56 
-0.0254652 0.00263478 -0.0281 0 0.726 4 56 
-0.0244883 0.00301168 -0.0275 0 0.736 4 56 
-0.0235771 0.0133229 -0.0369 0 0.746 4 56 
-0.0227259 0.00707413 -0.0298 0 0.756 4 56 
-0.0219292 0.0104708 -0.0324 0 0.766 4 56 
-0.0211824 -0.0181924 -0.00299 0 0.776 4 56 
-0.020481 -0.00998104 -0.0105 0 0.786 4 56 
-0.0198212 -0.0133512 -0.00647 0 0.796 4 56 
-0.0191993 -0.00779928 -0.0114 0 0.806 4 56 
-0.018612 0.010688 -0.0293 0 0.816 4 56 
-0.0180566 0.00464343 -0.0227 0 0.826 4 56 
-0.0174791 -0.00537906 -0.0121 0 0.837 4 56 
-0.0169819 0.0117181 -0.0287 0 0.847 4 56 
-0.0165091 -0.00760915 -0.0089 0 0.857 4 56 
-0.0160587 0.00194126 -0.018 0 0.867 4 56 
-0.015629 0.00327103 -0.0189 0 0.877 4 56 
-0.0152182 -0.00753823 -0.00768 0 0.887 4 56 
-0.0148251 -0.0048551 -0.00997 0 0.897 4 56 
-0.0144483 0.00325173 -0.0177 0 0.907 4 56 
-0.0140866 -0.0119766 -0.00211 0 0.917 4 56 
-0.0137389 0.0104611 -0.0242 0 0.927 4 56 
-0.0134043 -0.00650433 -0.0069 0 0.937 4 56 
-0.013082 -0.00626197 -0.00682 0 0.947 4 56 
-0.012771 0.00272898 -0.0155 0 0.957 4 56 
-0.0124707 -0.00357074 -0.0089 0 0.967 4 56 
-0.0121805 0.0122195 -0.0244 0 0.977 4 56 
-0.0118997 -0.00951966 -0.00238 0 0.987 4 56 
-0.0116277 0.0015723 -0.0132 0 0.997 4 56 
-0.0112866 0.00501341 -0.0163 0 1.01 4 56 
-0.0110332 -0.0106532 -0.00038 0 1.02 4 56 
-0.0107872 0.00691281 -0.0177 0 1.03 4 56 
-0.0105482 0.0139518 -0.0245 0 1.04 4 56 
-0.0103158 0.0153842 -0.0257 0 1.05 4 56 
-0.0100898 -0.00617981 -0.00391 0 1.06 4 56 
-0.00986984 0.0127302 -0.0226 0 1.07 4 56 
-0.00965566 -0.0176557 0.008 0 1.08 4 56 
-0.00944702 0.020753 -0.0302 0 1.09 4 56 
-0.00924367 -0.0170537 0.00781 0 1.1 4 56 
-0.00904542 -0.00219542 -0.00685 0 1.11 4 56 
-0.00885207 0.000897934 -0.00975 0 1.12 4 56 
-0.00866342 0.00533658 -0.014 0 1.13 4 56 
-0.00847931 -0.00404931 -0.00443 0 1.14 4 56 
-0.00829957 0.000330428 -0.00863 0 1.15 4 56 
-0.00812406 -0.0110741 0.00295 0 1.16 4 56 
-0.00795264 -0.00118264 -0.00677 0 1.17 4 56 
-0.00778517 -0.00153517 -0.00625 0 1.18 4 56 
-0.00762152 0.00357847 -0.0112 0 1.19 4 56 
-0.00746159 0.000548409 -0.00801 0 1.2 4 56 
-0.00730526 -0.00309526 -0.00421 0 1.21 4 56 
-0.00715241 0.0170476 -0.0242 0 1.22 4 56 
-0.00700297 0.013497 -0.0205 0 1.23 4 56 
-0.00685681 -0.00742881 0.000572 0 1.24 4 56 
-0.00671387 -0.00170387 -0.00501 0 1.25 4 56 
-0.00657405 0.00185595 -0.00843 0 1.26 4 56 
-0.00643726 -0.000167262 -0.00627 0 1.27 4 56 
-0.00630344 -0.00345344 -0.00285 0 1.28 4 56 
-0.00617249 0.0054275 -0.0116 0 1.29 4 56 
-0.00604436 0.00785564 -0.0139 0 1.3 4 56 
-0.00591898 -0.00192898 -0.00399 0 1.31 4 56 
-0.00579626 0.00980374 -0.0156 0 1.32 4 56 
-0.00567616 -0.00404616 -0.00163 0 1.33 4 56 
-0.0055586 0.0170414 -0.0226 0 1.34 4 56 
-0.00544353 -0.0102435 0.0048 0 1.35 4 56 
-0.00533089 -0.00467489 -0.000656 0 1.36 4 56 
-0.00522063 -0.00251063 -0.00271 0 1.37 4 56 
-0.00511268 -0.00977268 0.00466 0 1.38 4 56 
-0.005007 -0.016607 0.0116 0 1.39 4 56 
-0.00490354 -0.0100835 0.00518 0 1.4 4 56 
-0.00480224 0.0184978 -0.0233 0 1.41 4 56 
-0.00470305 0.0128969 -0.0176 0 1.42 4 56 
-0.00460594 0.00629406 -0.0109 0 1.43 4 56 
-0.00451086 -0.000190856 -0.00432 0 1.44 4 56 
-0.00441775 -0.00510375 0.000686 0 1.45 4 56 
-0.00432658 0.00737342 -0.0117 0 1.46 4 56 
-0.00423731 -0.00178731 -0.00245 0 1.47 4 56 
-0.00414989 0.00765011 -0.0118 0 1.48 4 56 
-0.00406429 0.00623571 -0.0103 0 1.49 4 56 
-0.00398047 0.0141195 -0.0181 0 1.5 4 56 
-0.00389838 0.00930162 -0.0132 0 1.51 4 56 
-0.00381799 0.013582 -0.0174 0 1.52 4 56 
-0.00373927 0.00986073 -0.0136 0 1.53 4 56 
-0.00366218 -0.0104522 0.00679 0 1.54 4 56 
-0.00358668 0.00961332 -0.0132 0 1.55 4 56 
-0.00351275 -0.0262128 0.0227 0 1.56 4 56 
-0.00344034 -0.00484034 0.0014 0 1.57 4 56 
-0.00336943 -0.00175943 -0.00161 0 1.58 4 56 
-0.00329999 0.00870001 -0.012 0 1.59 4 56 
-0.00323198 -0.00691198 0.00368 0 1.6 4 56 
-0.00316538 0.00584462 -0.00901 0 1.61 4 56 
-0.00310015 -0.00113015 -0.00197 0 1.62 4 56 
-0.00303627 -0.0255363 0.0225 0 1.63 4 56 
-0.00297371 0.00105629 -0.00403 0 1.64 4 56 
-0.00291243 -0.0114024 0.00849 0 1.65 4 56 
-0.00285243 0.00712757 -0.00998 0 1.66 4 56 
-0.00279366 0.000446343 -0.00324 0 1.67 4 56 
-0.0027361 -0.0176361 0.0149 0 1.68 4 56 
-0.00267973 0.00636027 -0.00904 0 1.69 4 56 
-0.00262452 -0.0180245 0.0154 0 1.7 4 56 
-0.00257045 -0.00698045 0.00441 0 1.71 4 56 
-0.0025175 0.0057225 -0.00824 0 1.72 4 56 
-0.00246564 -0.00622564 0.00376 0 1.73 4 56 
-0.00241484 -0.00963484 0.00722 0 1.74 4 56 
-0.0023651 -0.0061251 0.00376 0 1.75 4 56 
-0.00231637 0.0157836 -0.0181 0 1.76 4 56 
-0.00226866 0.00736134 -0.00963 0 1.77 4 56 
-0.00222192 0.00256808 -0.00479 0 1.78 4 56 
-0.00217615 0.000833845 -0.00301 0 1.79 4 56 
-0.00213133 -0.00611133 0.00398 0 1.8 4 56 
-0.00208742 -0.00168442 -0.000403 0 1.81 4 56 
-0.00204443 0.0134556 -0.0155 0 1.82 4 56 
-0.00200231 -0.00371231 0.00171 0 1.83 4 56 
-0.00196107 -0.00601107 0.00405 0 1.84 4 56 
-0.00192067 -0.00551067 0.00359 0 1.85 4 56 
-0.00188111 -0.0107211 0.00884 0 1.86 4 56 
-0.00184236 -0.00825236 0.00641 0 1.87 4 56 
-0.00180441 -0.00450441 0.0027 0 1.88 4 56 
-0.00176725 0.000792753 -0.00256 0 1.89 4 56 
-0.00173084 0.0166692 -0.0184 0 1.9 4 56 
-0.00169519 -0.00420519 0.00251 0 1.91 4 56 
-0.00166028 -0.00198928 0.000329 0 1.92 4 56 
-0.00162608 -0.00262608 0.001 0 1.93 4 56 
-0.00159258 0.0128074 -0.0144 0 1.94 4 56 
-0.00155978 0.0109402 -0.0125 0 1.95 4 56 
-0.00152765 -0.0104477 0.00892 0 1.96 4 56 
-0.00149619 0.000483813 -0.00198 0 1.97 4 56 
-0.00146537 -0.00672537 0.00526 0 1.98 4 56 
-0.00143519 -0.000195186 -0.00124 0 1.99 4 56 
-0.00140562 -0.000215625 -0.00119 0 2 4 56 
